Information: Updating design information... (UID-85)
Warning: Design 'riscv' contains 1 high-fanout nets. A fanout number of 1000 will be used for delay calculations involving these nets. (TIM-134)
Information: Timing loop detected. (OPT-150)
	q_reg[31]1/QN q_reg[31]1/Q 
Information: Timing loop detected. (OPT-150)
	q_reg[31]1/QN q_reg[31]1/Q 
Warning: Disabling timing arc between pins 'Q' and 'QN' on cell 'q_reg[31]1'
         to break a timing loop. (OPT-314)
Warning: Disabling timing arc between pins 'Q' and 'QN' on cell 'q_reg[31]1'
         to break a timing loop. (OPT-314)
Warning: Disabling timing arc between pins 'Q' and 'QN' on cell 'q_reg[30]1'
         to break a timing loop. (OPT-314)
Warning: Disabling timing arc between pins 'Q' and 'QN' on cell 'q_reg[30]1'
         to break a timing loop. (OPT-314)
Warning: Disabling timing arc between pins 'Q' and 'QN' on cell 'q_reg[29]1'
         to break a timing loop. (OPT-314)
Warning: Disabling timing arc between pins 'Q' and 'QN' on cell 'q_reg[29]1'
         to break a timing loop. (OPT-314)
Warning: Disabling timing arc between pins 'Q' and 'QN' on cell 'q_reg[28]1'
         to break a timing loop. (OPT-314)
Warning: Disabling timing arc between pins 'Q' and 'QN' on cell 'q_reg[28]1'
         to break a timing loop. (OPT-314)
Warning: Disabling timing arc between pins 'Q' and 'QN' on cell 'q_reg[27]1'
         to break a timing loop. (OPT-314)
Warning: Disabling timing arc between pins 'Q' and 'QN' on cell 'q_reg[27]1'
         to break a timing loop. (OPT-314)
Warning: Disabling timing arc between pins 'Q' and 'QN' on cell 'q_reg[26]1'
         to break a timing loop. (OPT-314)
Warning: Disabling timing arc between pins 'Q' and 'QN' on cell 'q_reg[26]1'
         to break a timing loop. (OPT-314)
Warning: Disabling timing arc between pins 'Q' and 'QN' on cell 'q_reg[25]1'
         to break a timing loop. (OPT-314)
Warning: Disabling timing arc between pins 'Q' and 'QN' on cell 'q_reg[25]1'
         to break a timing loop. (OPT-314)
Warning: Disabling timing arc between pins 'Q' and 'QN' on cell 'q_reg[24]1'
         to break a timing loop. (OPT-314)
Warning: Disabling timing arc between pins 'Q' and 'QN' on cell 'q_reg[24]1'
         to break a timing loop. (OPT-314)
Warning: Disabling timing arc between pins 'Q' and 'QN' on cell 'q_reg[23]1'
         to break a timing loop. (OPT-314)
Warning: Disabling timing arc between pins 'Q' and 'QN' on cell 'q_reg[23]1'
         to break a timing loop. (OPT-314)
Warning: Disabling timing arc between pins 'Q' and 'QN' on cell 'q_reg[22]1'
         to break a timing loop. (OPT-314)
Warning: Disabling timing arc between pins 'Q' and 'QN' on cell 'q_reg[22]1'
         to break a timing loop. (OPT-314)
Warning: Disabling timing arc between pins 'Q' and 'QN' on cell 'q_reg[21]1'
         to break a timing loop. (OPT-314)
Warning: Disabling timing arc between pins 'Q' and 'QN' on cell 'q_reg[21]1'
         to break a timing loop. (OPT-314)
Warning: Disabling timing arc between pins 'Q' and 'QN' on cell 'q_reg[20]1'
         to break a timing loop. (OPT-314)
Warning: Disabling timing arc between pins 'Q' and 'QN' on cell 'q_reg[20]1'
         to break a timing loop. (OPT-314)
Warning: Disabling timing arc between pins 'Q' and 'QN' on cell 'q_reg[19]1'
         to break a timing loop. (OPT-314)
Warning: Disabling timing arc between pins 'Q' and 'QN' on cell 'q_reg[19]1'
         to break a timing loop. (OPT-314)
Warning: Disabling timing arc between pins 'Q' and 'QN' on cell 'q_reg[18]1'
         to break a timing loop. (OPT-314)
Warning: Disabling timing arc between pins 'Q' and 'QN' on cell 'q_reg[18]1'
         to break a timing loop. (OPT-314)
Warning: Disabling timing arc between pins 'Q' and 'QN' on cell 'q_reg[17]1'
         to break a timing loop. (OPT-314)
Warning: Disabling timing arc between pins 'Q' and 'QN' on cell 'q_reg[17]1'
         to break a timing loop. (OPT-314)
Warning: Disabling timing arc between pins 'Q' and 'QN' on cell 'q_reg[16]1'
         to break a timing loop. (OPT-314)
Warning: Disabling timing arc between pins 'Q' and 'QN' on cell 'q_reg[16]1'
         to break a timing loop. (OPT-314)
Warning: Disabling timing arc between pins 'Q' and 'QN' on cell 'q_reg[15]1'
         to break a timing loop. (OPT-314)
Warning: Disabling timing arc between pins 'Q' and 'QN' on cell 'q_reg[15]1'
         to break a timing loop. (OPT-314)
Warning: Disabling timing arc between pins 'Q' and 'QN' on cell 'q_reg[14]1'
         to break a timing loop. (OPT-314)
Warning: Disabling timing arc between pins 'Q' and 'QN' on cell 'q_reg[14]1'
         to break a timing loop. (OPT-314)
Warning: Disabling timing arc between pins 'Q' and 'QN' on cell 'q_reg[13]1'
         to break a timing loop. (OPT-314)
Warning: Disabling timing arc between pins 'Q' and 'QN' on cell 'q_reg[13]1'
         to break a timing loop. (OPT-314)
Warning: Disabling timing arc between pins 'Q' and 'QN' on cell 'q_reg[12]1'
         to break a timing loop. (OPT-314)
Warning: Disabling timing arc between pins 'Q' and 'QN' on cell 'q_reg[12]1'
         to break a timing loop. (OPT-314)
Warning: Disabling timing arc between pins 'Q' and 'QN' on cell 'q_reg[11]1'
         to break a timing loop. (OPT-314)
Warning: Disabling timing arc between pins 'Q' and 'QN' on cell 'q_reg[11]1'
         to break a timing loop. (OPT-314)
Warning: Disabling timing arc between pins 'Q' and 'QN' on cell 'q_reg[10]1'
         to break a timing loop. (OPT-314)
Warning: Disabling timing arc between pins 'Q' and 'QN' on cell 'q_reg[10]1'
         to break a timing loop. (OPT-314)
Warning: Disabling timing arc between pins 'Q' and 'QN' on cell 'q_reg[9]1'
         to break a timing loop. (OPT-314)
Warning: Disabling timing arc between pins 'Q' and 'QN' on cell 'q_reg[9]1'
         to break a timing loop. (OPT-314)
Warning: Disabling timing arc between pins 'Q' and 'QN' on cell 'q_reg[8]1'
         to break a timing loop. (OPT-314)
Warning: Disabling timing arc between pins 'Q' and 'QN' on cell 'q_reg[8]1'
         to break a timing loop. (OPT-314)
Warning: Disabling timing arc between pins 'Q' and 'QN' on cell 'q_reg[7]1'
         to break a timing loop. (OPT-314)
Warning: Disabling timing arc between pins 'Q' and 'QN' on cell 'q_reg[7]1'
         to break a timing loop. (OPT-314)
Warning: Disabling timing arc between pins 'Q' and 'QN' on cell 'q_reg[6]1'
         to break a timing loop. (OPT-314)
Warning: Disabling timing arc between pins 'Q' and 'QN' on cell 'q_reg[6]1'
         to break a timing loop. (OPT-314)
Warning: Disabling timing arc between pins 'Q' and 'QN' on cell 'q_reg[5]1'
         to break a timing loop. (OPT-314)
Warning: Disabling timing arc between pins 'Q' and 'QN' on cell 'q_reg[5]1'
         to break a timing loop. (OPT-314)
Warning: Disabling timing arc between pins 'Q' and 'QN' on cell 'q_reg[4]1'
         to break a timing loop. (OPT-314)
Warning: Disabling timing arc between pins 'Q' and 'QN' on cell 'q_reg[4]1'
         to break a timing loop. (OPT-314)
Warning: Disabling timing arc between pins 'Q' and 'QN' on cell 'q_reg[3]1'
         to break a timing loop. (OPT-314)
Warning: Disabling timing arc between pins 'Q' and 'QN' on cell 'q_reg[3]1'
         to break a timing loop. (OPT-314)
Warning: Disabling timing arc between pins 'Q' and 'QN' on cell 'q_reg[2]1'
         to break a timing loop. (OPT-314)
Warning: Disabling timing arc between pins 'Q' and 'QN' on cell 'q_reg[2]1'
         to break a timing loop. (OPT-314)
Warning: Disabling timing arc between pins 'Q' and 'QN' on cell 'q_reg[1]1'
         to break a timing loop. (OPT-314)
Warning: Disabling timing arc between pins 'Q' and 'QN' on cell 'q_reg[1]1'
         to break a timing loop. (OPT-314)
Warning: Disabling timing arc between pins 'Q' and 'QN' on cell 'q_reg[0]1'
         to break a timing loop. (OPT-314)
Warning: Disabling timing arc between pins 'Q' and 'QN' on cell 'q_reg[0]1'
         to break a timing loop. (OPT-314)
 
****************************************
Report : constraint
        -all_violators
Design : riscv
Version: V-2023.12-SP3
Date   : Fri Oct 18 14:30:20 2024
****************************************


   max_delay/setup ('clk' group)

                             Required        Actual
   Endpoint                 Path Delay     Path Delay        Slack
   -----------------------------------------------------------------
   rf_reg[8][29]/D          1.676207       2.115763 r     -0.439556 (VIOLATED)
   rf_reg[16][29]/D         1.676207       2.115763 r     -0.439556 (VIOLATED)
   rf_reg[4][29]/D          1.676207       2.115762 r     -0.439554 (VIOLATED)
   rf_reg[6][29]/D          1.676207       2.115762 r     -0.439554 (VIOLATED)
   rf_reg[12][29]/D         1.676207       2.115762 r     -0.439554 (VIOLATED)
   rf_reg[14][29]/D         1.676207       2.115762 r     -0.439554 (VIOLATED)
   rf_reg[20][29]/D         1.676207       2.115762 r     -0.439554 (VIOLATED)
   rf_reg[22][29]/D         1.676207       2.115762 r     -0.439554 (VIOLATED)
   rf_reg[1][29]/D          1.676207       2.115762 r     -0.439554 (VIOLATED)
   rf_reg[3][29]/D          1.676207       2.115762 r     -0.439554 (VIOLATED)
   rf_reg[9][29]/D          1.676207       2.115762 r     -0.439554 (VIOLATED)
   rf_reg[10][29]/D         1.676207       2.115762 r     -0.439554 (VIOLATED)
   rf_reg[17][29]/D         1.676207       2.115762 r     -0.439554 (VIOLATED)
   rf_reg[19][29]/D         1.676207       2.115762 r     -0.439554 (VIOLATED)
   rf_reg[25][29]/D         1.676207       2.115762 r     -0.439554 (VIOLATED)
   rf_reg[26][29]/D         1.676207       2.115762 r     -0.439554 (VIOLATED)
   rf_reg[27][29]/D         1.676207       2.115762 r     -0.439554 (VIOLATED)
   rf_reg[5][29]/D          1.676208       2.115758 r     -0.439550 (VIOLATED)
   rf_reg[7][29]/D          1.676208       2.115758 r     -0.439550 (VIOLATED)
   rf_reg[21][29]/D         1.676208       2.115758 r     -0.439550 (VIOLATED)
   rf_reg[23][29]/D         1.676208       2.115758 r     -0.439550 (VIOLATED)
   rf_reg[29][29]/D         1.676208       2.115758 r     -0.439550 (VIOLATED)
   rf_reg[31][29]/D         1.676208       2.115758 r     -0.439550 (VIOLATED)
   rf_reg[2][29]/D          1.676211       2.115748 r     -0.439538 (VIOLATED)
   rf_reg[30][29]/D         1.676211       2.115748 r     -0.439538 (VIOLATED)
   rf_reg[8][23]/D          1.676207       2.115233 r     -0.439026 (VIOLATED)
   rf_reg[16][23]/D         1.676207       2.115233 r     -0.439026 (VIOLATED)
   rf_reg[24][23]/D         1.676207       2.115233 r     -0.439026 (VIOLATED)
   rf_reg[4][23]/D          1.676207       2.115232 r     -0.439025 (VIOLATED)
   rf_reg[6][23]/D          1.676207       2.115232 r     -0.439025 (VIOLATED)
   rf_reg[12][23]/D         1.676207       2.115232 r     -0.439025 (VIOLATED)
   rf_reg[14][23]/D         1.676207       2.115232 r     -0.439025 (VIOLATED)
   rf_reg[20][23]/D         1.676207       2.115232 r     -0.439025 (VIOLATED)
   rf_reg[22][23]/D         1.676207       2.115232 r     -0.439025 (VIOLATED)
   rf_reg[28][23]/D         1.676207       2.115232 r     -0.439025 (VIOLATED)
   rf_reg[1][23]/D          1.676207       2.115232 r     -0.439025 (VIOLATED)
   rf_reg[10][23]/D         1.676207       2.115232 r     -0.439025 (VIOLATED)
   rf_reg[17][23]/D         1.676207       2.115232 r     -0.439025 (VIOLATED)
   rf_reg[18][23]/D         1.676207       2.115232 r     -0.439025 (VIOLATED)
   rf_reg[19][23]/D         1.676207       2.115232 r     -0.439025 (VIOLATED)
   rf_reg[25][23]/D         1.676207       2.115232 r     -0.439025 (VIOLATED)
   rf_reg[26][23]/D         1.676207       2.115232 r     -0.439025 (VIOLATED)
   rf_reg[5][23]/D          1.676208       2.115229 r     -0.439020 (VIOLATED)
   rf_reg[7][23]/D          1.676208       2.115229 r     -0.439020 (VIOLATED)
   rf_reg[21][23]/D         1.676208       2.115229 r     -0.439020 (VIOLATED)
   rf_reg[23][23]/D         1.676208       2.115229 r     -0.439020 (VIOLATED)
   rf_reg[29][23]/D         1.676208       2.115229 r     -0.439020 (VIOLATED)
   rf_reg[31][23]/D         1.676208       2.115229 r     -0.439020 (VIOLATED)
   rf_reg[2][23]/D          1.676211       2.115219 r     -0.439008 (VIOLATED)
   rf_reg[30][23]/D         1.676211       2.115219 r     -0.439008 (VIOLATED)
   rf_reg[8][21]/D          1.676207       2.114879 r     -0.438672 (VIOLATED)
   rf_reg[16][21]/D         1.676207       2.114879 r     -0.438672 (VIOLATED)
   rf_reg[24][21]/D         1.676207       2.114879 r     -0.438672 (VIOLATED)
   rf_reg[4][21]/D          1.676207       2.114878 r     -0.438670 (VIOLATED)
   rf_reg[6][21]/D          1.676207       2.114878 r     -0.438670 (VIOLATED)
   rf_reg[12][21]/D         1.676207       2.114878 r     -0.438670 (VIOLATED)
   rf_reg[14][21]/D         1.676207       2.114878 r     -0.438670 (VIOLATED)
   rf_reg[20][21]/D         1.676207       2.114878 r     -0.438670 (VIOLATED)
   rf_reg[22][21]/D         1.676207       2.114878 r     -0.438670 (VIOLATED)
   rf_reg[28][21]/D         1.676207       2.114878 r     -0.438670 (VIOLATED)
   rf_reg[1][21]/D          1.676207       2.114877 r     -0.438670 (VIOLATED)
   rf_reg[3][21]/D          1.676207       2.114877 r     -0.438670 (VIOLATED)
   rf_reg[9][21]/D          1.676207       2.114877 r     -0.438670 (VIOLATED)
   rf_reg[17][21]/D         1.676207       2.114877 r     -0.438670 (VIOLATED)
   rf_reg[18][21]/D         1.676207       2.114877 r     -0.438670 (VIOLATED)
   rf_reg[19][21]/D         1.676207       2.114877 r     -0.438670 (VIOLATED)
   rf_reg[25][21]/D         1.676207       2.114877 r     -0.438670 (VIOLATED)
   rf_reg[27][21]/D         1.676207       2.114877 r     -0.438670 (VIOLATED)
   rf_reg[5][21]/D          1.676208       2.114874 r     -0.438666 (VIOLATED)
   rf_reg[7][21]/D          1.676208       2.114874 r     -0.438666 (VIOLATED)
   rf_reg[21][21]/D         1.676208       2.114874 r     -0.438666 (VIOLATED)
   rf_reg[23][21]/D         1.676208       2.114874 r     -0.438666 (VIOLATED)
   rf_reg[29][21]/D         1.676208       2.114874 r     -0.438666 (VIOLATED)
   rf_reg[31][21]/D         1.676208       2.114874 r     -0.438666 (VIOLATED)
   rf_reg[8][27]/D          1.676207       2.114863 r     -0.438656 (VIOLATED)
   rf_reg[16][27]/D         1.676207       2.114863 r     -0.438656 (VIOLATED)
   rf_reg[24][27]/D         1.676207       2.114863 r     -0.438656 (VIOLATED)
   rf_reg[4][27]/D          1.676207       2.114862 r     -0.438655 (VIOLATED)
   rf_reg[6][27]/D          1.676207       2.114862 r     -0.438655 (VIOLATED)
   rf_reg[12][27]/D         1.676207       2.114862 r     -0.438655 (VIOLATED)
   rf_reg[14][27]/D         1.676207       2.114862 r     -0.438655 (VIOLATED)
   rf_reg[20][27]/D         1.676207       2.114862 r     -0.438655 (VIOLATED)
   rf_reg[22][27]/D         1.676207       2.114862 r     -0.438655 (VIOLATED)
   rf_reg[28][27]/D         1.676207       2.114862 r     -0.438655 (VIOLATED)
   rf_reg[1][27]/D          1.676207       2.114862 r     -0.438654 (VIOLATED)
   rf_reg[3][27]/D          1.676207       2.114862 r     -0.438654 (VIOLATED)
   rf_reg[9][27]/D          1.676207       2.114862 r     -0.438654 (VIOLATED)
   rf_reg[10][27]/D         1.676207       2.114862 r     -0.438654 (VIOLATED)
   rf_reg[17][27]/D         1.676207       2.114862 r     -0.438654 (VIOLATED)
   rf_reg[18][27]/D         1.676207       2.114862 r     -0.438654 (VIOLATED)
   rf_reg[19][27]/D         1.676207       2.114862 r     -0.438654 (VIOLATED)
   rf_reg[25][27]/D         1.676207       2.114862 r     -0.438654 (VIOLATED)
   rf_reg[27][27]/D         1.676207       2.114862 r     -0.438654 (VIOLATED)
   rf_reg[2][21]/D          1.676211       2.114864 r     -0.438653 (VIOLATED)
   rf_reg[30][21]/D         1.676211       2.114864 r     -0.438653 (VIOLATED)
   rf_reg[5][27]/D          1.676208       2.114858 r     -0.438650 (VIOLATED)
   rf_reg[7][27]/D          1.676208       2.114858 r     -0.438650 (VIOLATED)
   rf_reg[21][27]/D         1.676208       2.114858 r     -0.438650 (VIOLATED)
   rf_reg[23][27]/D         1.676208       2.114858 r     -0.438650 (VIOLATED)
   rf_reg[29][27]/D         1.676208       2.114858 r     -0.438650 (VIOLATED)
   rf_reg[2][27]/D          1.676211       2.114849 r     -0.438638 (VIOLATED)
   rf_reg[30][27]/D         1.676211       2.114849 r     -0.438638 (VIOLATED)
   rf_reg[11][29]/D         1.676442       2.114857 r     -0.438415 (VIOLATED)
   rf_reg[16][25]/D         1.676207       2.114285 r     -0.438078 (VIOLATED)
   rf_reg[24][25]/D         1.676207       2.114285 r     -0.438078 (VIOLATED)
   rf_reg[4][25]/D          1.676207       2.114284 r     -0.438077 (VIOLATED)
   rf_reg[6][25]/D          1.676207       2.114284 r     -0.438077 (VIOLATED)
   rf_reg[17][25]/D         1.676207       2.114284 r     -0.438076 (VIOLATED)
   rf_reg[18][25]/D         1.676207       2.114284 r     -0.438076 (VIOLATED)
   rf_reg[19][25]/D         1.676207       2.114284 r     -0.438076 (VIOLATED)
   rf_reg[25][25]/D         1.676207       2.114284 r     -0.438076 (VIOLATED)
   rf_reg[27][25]/D         1.676207       2.114284 r     -0.438076 (VIOLATED)
   rf_reg[5][25]/D          1.676208       2.114280 r     -0.438072 (VIOLATED)
   rf_reg[31][25]/D         1.676208       2.114280 r     -0.438072 (VIOLATED)
   rf_reg[30][25]/D         1.676211       2.114271 r     -0.438060 (VIOLATED)
   rf_reg[11][23]/D         1.676442       2.114328 r     -0.437886 (VIOLATED)
   rf_reg[8][20]/D          1.676207       2.114052 r     -0.437845 (VIOLATED)
   rf_reg[24][20]/D         1.676207       2.114052 r     -0.437845 (VIOLATED)
   rf_reg[4][20]/D          1.676207       2.114051 r     -0.437844 (VIOLATED)
   rf_reg[6][20]/D          1.676207       2.114051 r     -0.437844 (VIOLATED)
   rf_reg[12][20]/D         1.676207       2.114051 r     -0.437844 (VIOLATED)
   rf_reg[14][20]/D         1.676207       2.114051 r     -0.437844 (VIOLATED)
   rf_reg[20][20]/D         1.676207       2.114051 r     -0.437844 (VIOLATED)
   rf_reg[22][20]/D         1.676207       2.114051 r     -0.437844 (VIOLATED)
   rf_reg[1][20]/D          1.676207       2.114051 r     -0.437844 (VIOLATED)
   rf_reg[3][20]/D          1.676207       2.114051 r     -0.437844 (VIOLATED)
   rf_reg[9][20]/D          1.676207       2.114051 r     -0.437844 (VIOLATED)
   rf_reg[17][20]/D         1.676207       2.114051 r     -0.437844 (VIOLATED)
   rf_reg[18][20]/D         1.676207       2.114051 r     -0.437844 (VIOLATED)
   rf_reg[19][20]/D         1.676207       2.114051 r     -0.437844 (VIOLATED)
   rf_reg[25][20]/D         1.676207       2.114051 r     -0.437844 (VIOLATED)
   rf_reg[26][20]/D         1.676207       2.114051 r     -0.437844 (VIOLATED)
   rf_reg[27][20]/D         1.676207       2.114051 r     -0.437844 (VIOLATED)
   rf_reg[5][20]/D          1.676208       2.114048 r     -0.437839 (VIOLATED)
   rf_reg[7][20]/D          1.676208       2.114048 r     -0.437839 (VIOLATED)
   rf_reg[21][20]/D         1.676208       2.114048 r     -0.437839 (VIOLATED)
   rf_reg[23][20]/D         1.676208       2.114048 r     -0.437839 (VIOLATED)
   rf_reg[29][20]/D         1.676208       2.114048 r     -0.437839 (VIOLATED)
   rf_reg[31][20]/D         1.676208       2.114048 r     -0.437839 (VIOLATED)
   rf_reg[2][20]/D          1.676211       2.114038 r     -0.437827 (VIOLATED)
   rf_reg[30][20]/D         1.676211       2.114038 r     -0.437827 (VIOLATED)
   rf_reg[16][12]/D         1.676207       2.113707 r     -0.437500 (VIOLATED)
   rf_reg[24][12]/D         1.676207       2.113707 r     -0.437500 (VIOLATED)
   rf_reg[1][12]/D          1.676207       2.113706 r     -0.437498 (VIOLATED)
   rf_reg[3][12]/D          1.676207       2.113706 r     -0.437498 (VIOLATED)
   rf_reg[4][12]/D          1.676207       2.113706 r     -0.437498 (VIOLATED)
   rf_reg[6][12]/D          1.676207       2.113706 r     -0.437498 (VIOLATED)
   rf_reg[9][12]/D          1.676207       2.113706 r     -0.437498 (VIOLATED)
   rf_reg[10][12]/D         1.676207       2.113706 r     -0.437498 (VIOLATED)
   rf_reg[12][12]/D         1.676207       2.113706 r     -0.437498 (VIOLATED)
   rf_reg[17][12]/D         1.676207       2.113706 r     -0.437498 (VIOLATED)
   rf_reg[18][12]/D         1.676207       2.113706 r     -0.437498 (VIOLATED)
   rf_reg[19][12]/D         1.676207       2.113706 r     -0.437498 (VIOLATED)
   rf_reg[20][12]/D         1.676207       2.113706 r     -0.437498 (VIOLATED)
   rf_reg[22][12]/D         1.676207       2.113706 r     -0.437498 (VIOLATED)
   rf_reg[26][12]/D         1.676207       2.113706 r     -0.437498 (VIOLATED)
   rf_reg[27][12]/D         1.676207       2.113706 r     -0.437498 (VIOLATED)
   rf_reg[28][12]/D         1.676207       2.113706 r     -0.437498 (VIOLATED)
   rf_reg[5][12]/D          1.676208       2.113702 r     -0.437494 (VIOLATED)
   rf_reg[7][12]/D          1.676208       2.113702 r     -0.437494 (VIOLATED)
   rf_reg[21][12]/D         1.676208       2.113702 r     -0.437494 (VIOLATED)
   rf_reg[23][12]/D         1.676208       2.113702 r     -0.437494 (VIOLATED)
   rf_reg[29][12]/D         1.676208       2.113702 r     -0.437494 (VIOLATED)
   rf_reg[31][12]/D         1.676208       2.113702 r     -0.437494 (VIOLATED)
   rf_reg[2][12]/D          1.676211       2.113693 r     -0.437482 (VIOLATED)
   rf_reg[30][12]/D         1.676211       2.113693 r     -0.437482 (VIOLATED)
   rf_reg[5][26]/D          1.730782       2.168034 f     -0.437252 (VIOLATED)
   rf_reg[7][26]/D          1.730782       2.168034 f     -0.437252 (VIOLATED)
   rf_reg[21][26]/D         1.730782       2.168034 f     -0.437252 (VIOLATED)
   rf_reg[23][26]/D         1.730782       2.168034 f     -0.437252 (VIOLATED)
   rf_reg[29][26]/D         1.730782       2.168034 f     -0.437252 (VIOLATED)
   rf_reg[31][26]/D         1.730782       2.168034 f     -0.437252 (VIOLATED)
   rf_reg[1][26]/D          1.730782       2.168032 f     -0.437250 (VIOLATED)
   rf_reg[4][26]/D          1.730782       2.168032 f     -0.437250 (VIOLATED)
   rf_reg[6][26]/D          1.730782       2.168032 f     -0.437250 (VIOLATED)
   rf_reg[9][26]/D          1.730782       2.168032 f     -0.437250 (VIOLATED)
   rf_reg[10][26]/D         1.730782       2.168032 f     -0.437250 (VIOLATED)
   rf_reg[12][26]/D         1.730782       2.168032 f     -0.437250 (VIOLATED)
   rf_reg[14][26]/D         1.730782       2.168032 f     -0.437250 (VIOLATED)
   rf_reg[17][26]/D         1.730782       2.168032 f     -0.437250 (VIOLATED)
   rf_reg[18][26]/D         1.730782       2.168032 f     -0.437250 (VIOLATED)
   rf_reg[20][26]/D         1.730782       2.168032 f     -0.437250 (VIOLATED)
   rf_reg[22][26]/D         1.730782       2.168032 f     -0.437250 (VIOLATED)
   rf_reg[25][26]/D         1.730782       2.168032 f     -0.437250 (VIOLATED)
   rf_reg[27][26]/D         1.730782       2.168032 f     -0.437250 (VIOLATED)
   rf_reg[28][26]/D         1.730782       2.168032 f     -0.437250 (VIOLATED)
   rf_reg[8][26]/D          1.730782       2.168031 f     -0.437249 (VIOLATED)
   rf_reg[16][26]/D         1.730782       2.168031 f     -0.437249 (VIOLATED)
   rf_reg[24][26]/D         1.730782       2.168031 f     -0.437249 (VIOLATED)
   rf_reg[2][26]/D          1.730783       2.168032 f     -0.437249 (VIOLATED)
   rf_reg[30][26]/D         1.730783       2.168032 f     -0.437249 (VIOLATED)
   rf_reg[8][0]/D           1.676207       2.113426 r     -0.437219 (VIOLATED)
   rf_reg[3][0]/D           1.676207       2.113425 r     -0.437218 (VIOLATED)
   rf_reg[4][0]/D           1.676207       2.113425 r     -0.437218 (VIOLATED)
   rf_reg[12][0]/D          1.676207       2.113425 r     -0.437218 (VIOLATED)
   rf_reg[17][0]/D          1.676207       2.113425 r     -0.437218 (VIOLATED)
   rf_reg[19][0]/D          1.676207       2.113425 r     -0.437218 (VIOLATED)
   rf_reg[22][0]/D          1.676207       2.113425 r     -0.437218 (VIOLATED)
   rf_reg[25][0]/D          1.676207       2.113425 r     -0.437218 (VIOLATED)
   rf_reg[28][0]/D          1.676207       2.113425 r     -0.437218 (VIOLATED)
   rf_reg[5][0]/D           1.676208       2.113422 r     -0.437213 (VIOLATED)
   rf_reg[23][0]/D          1.676208       2.113422 r     -0.437213 (VIOLATED)
   rf_reg[29][0]/D          1.676208       2.113422 r     -0.437213 (VIOLATED)
   rf_reg[31][0]/D          1.676208       2.113422 r     -0.437213 (VIOLATED)
   rf_reg[30][0]/D          1.676211       2.113412 r     -0.437201 (VIOLATED)
   rf_reg[8][22]/D          1.676207       2.113264 r     -0.437057 (VIOLATED)
   rf_reg[16][22]/D         1.676207       2.113264 r     -0.437057 (VIOLATED)
   rf_reg[1][22]/D          1.676207       2.113263 r     -0.437056 (VIOLATED)
   rf_reg[3][22]/D          1.676207       2.113263 r     -0.437056 (VIOLATED)
   rf_reg[4][22]/D          1.676207       2.113263 r     -0.437056 (VIOLATED)
   rf_reg[6][22]/D          1.676207       2.113263 r     -0.437056 (VIOLATED)
   rf_reg[9][22]/D          1.676207       2.113263 r     -0.437056 (VIOLATED)
   rf_reg[10][22]/D         1.676207       2.113263 r     -0.437056 (VIOLATED)
   rf_reg[14][22]/D         1.676207       2.113263 r     -0.437056 (VIOLATED)
   rf_reg[17][22]/D         1.676207       2.113263 r     -0.437056 (VIOLATED)
   rf_reg[18][22]/D         1.676207       2.113263 r     -0.437056 (VIOLATED)
   rf_reg[19][22]/D         1.676207       2.113263 r     -0.437056 (VIOLATED)
   rf_reg[20][22]/D         1.676207       2.113263 r     -0.437056 (VIOLATED)
   rf_reg[22][22]/D         1.676207       2.113263 r     -0.437056 (VIOLATED)
   rf_reg[25][22]/D         1.676207       2.113263 r     -0.437056 (VIOLATED)
   rf_reg[26][22]/D         1.676207       2.113263 r     -0.437056 (VIOLATED)
   rf_reg[27][22]/D         1.676207       2.113263 r     -0.437056 (VIOLATED)
   rf_reg[28][22]/D         1.676207       2.113263 r     -0.437056 (VIOLATED)
   rf_reg[5][22]/D          1.676208       2.113260 r     -0.437051 (VIOLATED)
   rf_reg[7][22]/D          1.676208       2.113260 r     -0.437051 (VIOLATED)
   rf_reg[21][22]/D         1.676208       2.113260 r     -0.437051 (VIOLATED)
   rf_reg[23][22]/D         1.676208       2.113260 r     -0.437051 (VIOLATED)
   rf_reg[29][22]/D         1.676208       2.113260 r     -0.437051 (VIOLATED)
   rf_reg[2][22]/D          1.676211       2.113250 r     -0.437039 (VIOLATED)
   rf_reg[30][22]/D         1.676211       2.113250 r     -0.437039 (VIOLATED)
   rf_reg[11][26]/D         1.730778       2.167804 f     -0.437027 (VIOLATED)
   rf_reg[11][25]/D         1.676442       2.113380 r     -0.436937 (VIOLATED)
   rf_reg[8][25]/D          1.676207       2.113042 r     -0.436835 (VIOLATED)
   rf_reg[12][25]/D         1.676207       2.113041 r     -0.436834 (VIOLATED)
   rf_reg[14][25]/D         1.676207       2.113041 r     -0.436834 (VIOLATED)
   rf_reg[20][25]/D         1.676207       2.113041 r     -0.436834 (VIOLATED)
   rf_reg[22][25]/D         1.676207       2.113041 r     -0.436834 (VIOLATED)
   rf_reg[28][25]/D         1.676207       2.113041 r     -0.436834 (VIOLATED)
   rf_reg[1][25]/D          1.676207       2.113041 r     -0.436833 (VIOLATED)
   rf_reg[3][25]/D          1.676207       2.113041 r     -0.436833 (VIOLATED)
   rf_reg[9][25]/D          1.676207       2.113041 r     -0.436833 (VIOLATED)
   rf_reg[10][25]/D         1.676207       2.113041 r     -0.436833 (VIOLATED)
   rf_reg[26][25]/D         1.676207       2.113041 r     -0.436833 (VIOLATED)
   rf_reg[7][25]/D          1.676208       2.113037 r     -0.436829 (VIOLATED)
   rf_reg[21][25]/D         1.676208       2.113037 r     -0.436829 (VIOLATED)
   rf_reg[23][25]/D         1.676208       2.113037 r     -0.436829 (VIOLATED)
   rf_reg[29][25]/D         1.676208       2.113037 r     -0.436829 (VIOLATED)
   rf_reg[2][25]/D          1.676211       2.113028 r     -0.436817 (VIOLATED)
   rf_reg[11][20]/D         1.676442       2.113147 r     -0.436705 (VIOLATED)
   rf_reg[11][12]/D         1.676442       2.112802 r     -0.436359 (VIOLATED)
   rf_reg[8][24]/D          1.676207       2.112248 r     -0.436041 (VIOLATED)
   rf_reg[16][24]/D         1.676207       2.112248 r     -0.436041 (VIOLATED)
   rf_reg[24][24]/D         1.676207       2.112248 r     -0.436041 (VIOLATED)
   rf_reg[1][24]/D          1.676207       2.112247 r     -0.436040 (VIOLATED)
   rf_reg[3][24]/D          1.676207       2.112247 r     -0.436040 (VIOLATED)
   rf_reg[4][24]/D          1.676207       2.112247 r     -0.436040 (VIOLATED)
   rf_reg[6][24]/D          1.676207       2.112247 r     -0.436040 (VIOLATED)
   rf_reg[10][24]/D         1.676207       2.112247 r     -0.436040 (VIOLATED)
   rf_reg[12][24]/D         1.676207       2.112247 r     -0.436040 (VIOLATED)
   rf_reg[18][24]/D         1.676207       2.112247 r     -0.436040 (VIOLATED)
   rf_reg[22][24]/D         1.676207       2.112247 r     -0.436040 (VIOLATED)
   rf_reg[25][24]/D         1.676207       2.112247 r     -0.436040 (VIOLATED)
   rf_reg[27][24]/D         1.676207       2.112247 r     -0.436040 (VIOLATED)
   rf_reg[28][24]/D         1.676207       2.112247 r     -0.436040 (VIOLATED)
   rf_reg[5][24]/D          1.676208       2.112243 r     -0.436035 (VIOLATED)
   rf_reg[21][24]/D         1.676208       2.112243 r     -0.436035 (VIOLATED)
   rf_reg[31][24]/D         1.676208       2.112243 r     -0.436035 (VIOLATED)
   rf_reg[8][9]/D           1.676207       2.112162 r     -0.435955 (VIOLATED)
   rf_reg[24][9]/D          1.676207       2.112162 r     -0.435955 (VIOLATED)
   rf_reg[6][9]/D           1.676207       2.112161 r     -0.435954 (VIOLATED)
   rf_reg[14][9]/D          1.676207       2.112161 r     -0.435954 (VIOLATED)
   rf_reg[22][9]/D          1.676207       2.112161 r     -0.435954 (VIOLATED)
   rf_reg[1][9]/D           1.676207       2.112161 r     -0.435953 (VIOLATED)
   rf_reg[3][9]/D           1.676207       2.112161 r     -0.435953 (VIOLATED)
   rf_reg[10][9]/D          1.676207       2.112161 r     -0.435953 (VIOLATED)
   rf_reg[19][9]/D          1.676207       2.112161 r     -0.435953 (VIOLATED)
   rf_reg[25][9]/D          1.676207       2.112161 r     -0.435953 (VIOLATED)
   rf_reg[7][9]/D           1.676208       2.112157 r     -0.435949 (VIOLATED)
   rf_reg[21][9]/D          1.676208       2.112157 r     -0.435949 (VIOLATED)
   rf_reg[23][9]/D          1.676208       2.112157 r     -0.435949 (VIOLATED)
   rf_reg[29][9]/D          1.676208       2.112157 r     -0.435949 (VIOLATED)
   rf_reg[31][9]/D          1.676208       2.112157 r     -0.435949 (VIOLATED)
   rf_reg[11][22]/D         1.676442       2.112359 r     -0.435917 (VIOLATED)
   rf_reg[8][17]/D          1.676207       2.112026 r     -0.435819 (VIOLATED)
   rf_reg[1][17]/D          1.676207       2.112025 r     -0.435818 (VIOLATED)
   rf_reg[3][17]/D          1.676207       2.112025 r     -0.435818 (VIOLATED)
   rf_reg[9][17]/D          1.676207       2.112025 r     -0.435818 (VIOLATED)
   rf_reg[10][17]/D         1.676207       2.112025 r     -0.435818 (VIOLATED)
   rf_reg[12][17]/D         1.676207       2.112025 r     -0.435818 (VIOLATED)
   rf_reg[14][17]/D         1.676207       2.112025 r     -0.435818 (VIOLATED)
   rf_reg[20][17]/D         1.676207       2.112025 r     -0.435818 (VIOLATED)
   rf_reg[22][17]/D         1.676207       2.112025 r     -0.435818 (VIOLATED)
   rf_reg[26][17]/D         1.676207       2.112025 r     -0.435818 (VIOLATED)
   rf_reg[28][17]/D         1.676207       2.112025 r     -0.435818 (VIOLATED)
   rf_reg[21][17]/D         1.676208       2.112022 r     -0.435813 (VIOLATED)
   rf_reg[23][17]/D         1.676208       2.112022 r     -0.435813 (VIOLATED)
   rf_reg[29][17]/D         1.676208       2.112022 r     -0.435813 (VIOLATED)
   rf_reg[2][17]/D          1.676211       2.112012 r     -0.435801 (VIOLATED)
   rf_reg[8][10]/D          1.676207       2.111695 r     -0.435488 (VIOLATED)
   rf_reg[16][10]/D         1.676207       2.111695 r     -0.435488 (VIOLATED)
   rf_reg[4][10]/D          1.676207       2.111694 r     -0.435486 (VIOLATED)
   rf_reg[12][10]/D         1.676207       2.111694 r     -0.435486 (VIOLATED)
   rf_reg[14][10]/D         1.676207       2.111694 r     -0.435486 (VIOLATED)
   rf_reg[22][10]/D         1.676207       2.111694 r     -0.435486 (VIOLATED)
   rf_reg[28][10]/D         1.676207       2.111694 r     -0.435486 (VIOLATED)
   rf_reg[1][10]/D          1.676207       2.111694 r     -0.435486 (VIOLATED)
   rf_reg[3][10]/D          1.676207       2.111694 r     -0.435486 (VIOLATED)
   rf_reg[10][10]/D         1.676207       2.111694 r     -0.435486 (VIOLATED)
   rf_reg[18][10]/D         1.676207       2.111694 r     -0.435486 (VIOLATED)
   rf_reg[19][10]/D         1.676207       2.111694 r     -0.435486 (VIOLATED)
   rf_reg[26][10]/D         1.676207       2.111694 r     -0.435486 (VIOLATED)
   rf_reg[27][10]/D         1.676207       2.111694 r     -0.435486 (VIOLATED)
   rf_reg[7][10]/D          1.676208       2.111690 r     -0.435482 (VIOLATED)
   rf_reg[21][10]/D         1.676208       2.111690 r     -0.435482 (VIOLATED)
   rf_reg[23][10]/D         1.676208       2.111690 r     -0.435482 (VIOLATED)
   rf_reg[30][10]/D         1.676211       2.111681 r     -0.435470 (VIOLATED)
   rf_reg[16][19]/D         1.676207       2.111592 r     -0.435385 (VIOLATED)
   rf_reg[24][19]/D         1.676207       2.111592 r     -0.435385 (VIOLATED)
   rf_reg[1][19]/D          1.676207       2.111591 r     -0.435383 (VIOLATED)
   rf_reg[3][19]/D          1.676207       2.111591 r     -0.435383 (VIOLATED)
   rf_reg[4][19]/D          1.676207       2.111591 r     -0.435383 (VIOLATED)
   rf_reg[6][19]/D          1.676207       2.111591 r     -0.435383 (VIOLATED)
   rf_reg[9][19]/D          1.676207       2.111591 r     -0.435383 (VIOLATED)
   rf_reg[10][19]/D         1.676207       2.111591 r     -0.435383 (VIOLATED)
   rf_reg[12][19]/D         1.676207       2.111591 r     -0.435383 (VIOLATED)
   rf_reg[14][19]/D         1.676207       2.111591 r     -0.435383 (VIOLATED)
   rf_reg[17][19]/D         1.676207       2.111591 r     -0.435383 (VIOLATED)
   rf_reg[18][19]/D         1.676207       2.111591 r     -0.435383 (VIOLATED)
   rf_reg[19][19]/D         1.676207       2.111591 r     -0.435383 (VIOLATED)
   rf_reg[20][19]/D         1.676207       2.111591 r     -0.435383 (VIOLATED)
   rf_reg[22][19]/D         1.676207       2.111591 r     -0.435383 (VIOLATED)
   rf_reg[26][19]/D         1.676207       2.111591 r     -0.435383 (VIOLATED)
   rf_reg[27][19]/D         1.676207       2.111591 r     -0.435383 (VIOLATED)
   rf_reg[28][19]/D         1.676207       2.111591 r     -0.435383 (VIOLATED)
   rf_reg[5][19]/D          1.676208       2.111587 r     -0.435379 (VIOLATED)
   rf_reg[7][19]/D          1.676208       2.111587 r     -0.435379 (VIOLATED)
   rf_reg[21][19]/D         1.676208       2.111587 r     -0.435379 (VIOLATED)
   rf_reg[23][19]/D         1.676208       2.111587 r     -0.435379 (VIOLATED)
   rf_reg[29][19]/D         1.676208       2.111587 r     -0.435379 (VIOLATED)
   rf_reg[31][19]/D         1.676208       2.111587 r     -0.435379 (VIOLATED)
   rf_reg[30][19]/D         1.676211       2.111578 r     -0.435367 (VIOLATED)
   rf_reg[8][1]/D           1.676207       2.111505 r     -0.435298 (VIOLATED)
   rf_reg[16][1]/D          1.676207       2.111505 r     -0.435298 (VIOLATED)
   rf_reg[24][1]/D          1.676207       2.111505 r     -0.435298 (VIOLATED)
   rf_reg[6][1]/D           1.676207       2.111504 r     -0.435297 (VIOLATED)
   rf_reg[12][1]/D          1.676207       2.111504 r     -0.435297 (VIOLATED)
   rf_reg[14][1]/D          1.676207       2.111504 r     -0.435297 (VIOLATED)
   rf_reg[22][1]/D          1.676207       2.111504 r     -0.435297 (VIOLATED)
   rf_reg[28][1]/D          1.676207       2.111504 r     -0.435297 (VIOLATED)
   rf_reg[1][1]/D           1.676207       2.111504 r     -0.435296 (VIOLATED)
   rf_reg[3][1]/D           1.676207       2.111504 r     -0.435296 (VIOLATED)
   rf_reg[9][1]/D           1.676207       2.111504 r     -0.435296 (VIOLATED)
   rf_reg[10][1]/D          1.676207       2.111504 r     -0.435296 (VIOLATED)
   rf_reg[17][1]/D          1.676207       2.111504 r     -0.435296 (VIOLATED)
   rf_reg[18][1]/D          1.676207       2.111504 r     -0.435296 (VIOLATED)
   rf_reg[19][1]/D          1.676207       2.111504 r     -0.435296 (VIOLATED)
   rf_reg[25][1]/D          1.676207       2.111504 r     -0.435296 (VIOLATED)
   rf_reg[26][1]/D          1.676207       2.111504 r     -0.435296 (VIOLATED)
   rf_reg[27][1]/D          1.676207       2.111504 r     -0.435296 (VIOLATED)
   rf_reg[5][1]/D           1.676208       2.111500 r     -0.435292 (VIOLATED)
   rf_reg[21][1]/D          1.676208       2.111500 r     -0.435292 (VIOLATED)
   rf_reg[23][1]/D          1.676208       2.111500 r     -0.435292 (VIOLATED)
   rf_reg[29][1]/D          1.676208       2.111500 r     -0.435292 (VIOLATED)
   rf_reg[31][1]/D          1.676208       2.111500 r     -0.435292 (VIOLATED)
   rf_reg[2][1]/D           1.676211       2.111491 r     -0.435280 (VIOLATED)
   rf_reg[30][1]/D          1.676211       2.111491 r     -0.435280 (VIOLATED)
   rf_reg[15][26]/D         1.731841       2.167021 f     -0.435180 (VIOLATED)
   rf_reg[8][13]/D          1.676207       2.111118 r     -0.434911 (VIOLATED)
   rf_reg[16][13]/D         1.676207       2.111118 r     -0.434911 (VIOLATED)
   rf_reg[24][13]/D         1.676207       2.111118 r     -0.434911 (VIOLATED)
   rf_reg[1][13]/D          1.676207       2.111117 r     -0.434909 (VIOLATED)
   rf_reg[3][13]/D          1.676207       2.111117 r     -0.434909 (VIOLATED)
   rf_reg[4][13]/D          1.676207       2.111117 r     -0.434909 (VIOLATED)
   rf_reg[6][13]/D          1.676207       2.111117 r     -0.434909 (VIOLATED)
   rf_reg[9][13]/D          1.676207       2.111117 r     -0.434909 (VIOLATED)
   rf_reg[10][13]/D         1.676207       2.111117 r     -0.434909 (VIOLATED)
   rf_reg[12][13]/D         1.676207       2.111117 r     -0.434909 (VIOLATED)
   rf_reg[14][13]/D         1.676207       2.111117 r     -0.434909 (VIOLATED)
   rf_reg[17][13]/D         1.676207       2.111117 r     -0.434909 (VIOLATED)
   rf_reg[18][13]/D         1.676207       2.111117 r     -0.434909 (VIOLATED)
   rf_reg[19][13]/D         1.676207       2.111117 r     -0.434909 (VIOLATED)
   rf_reg[20][13]/D         1.676207       2.111117 r     -0.434909 (VIOLATED)
   rf_reg[22][13]/D         1.676207       2.111117 r     -0.434909 (VIOLATED)
   rf_reg[26][13]/D         1.676207       2.111117 r     -0.434909 (VIOLATED)
   rf_reg[27][13]/D         1.676207       2.111117 r     -0.434909 (VIOLATED)
   rf_reg[28][13]/D         1.676207       2.111117 r     -0.434909 (VIOLATED)
   rf_reg[5][13]/D          1.676208       2.111113 r     -0.434905 (VIOLATED)
   rf_reg[7][13]/D          1.676208       2.111113 r     -0.434905 (VIOLATED)
   rf_reg[21][13]/D         1.676208       2.111113 r     -0.434905 (VIOLATED)
   rf_reg[23][13]/D         1.676208       2.111113 r     -0.434905 (VIOLATED)
   rf_reg[29][13]/D         1.676208       2.111113 r     -0.434905 (VIOLATED)
   rf_reg[2][13]/D          1.676211       2.111104 r     -0.434893 (VIOLATED)
   rf_reg[30][13]/D         1.676211       2.111104 r     -0.434893 (VIOLATED)
   rf_reg[16][9]/D          1.676207       2.111045 r     -0.434838 (VIOLATED)
   rf_reg[4][9]/D           1.676207       2.111044 r     -0.434837 (VIOLATED)
   rf_reg[12][9]/D          1.676207       2.111044 r     -0.434837 (VIOLATED)
   rf_reg[20][9]/D          1.676207       2.111044 r     -0.434837 (VIOLATED)
   rf_reg[28][9]/D          1.676207       2.111044 r     -0.434837 (VIOLATED)
   rf_reg[9][9]/D           1.676207       2.111044 r     -0.434837 (VIOLATED)
   rf_reg[17][9]/D          1.676207       2.111044 r     -0.434837 (VIOLATED)
   rf_reg[18][9]/D          1.676207       2.111044 r     -0.434837 (VIOLATED)
   rf_reg[26][9]/D          1.676207       2.111044 r     -0.434837 (VIOLATED)
   rf_reg[27][9]/D          1.676207       2.111044 r     -0.434837 (VIOLATED)
   rf_reg[5][9]/D           1.676208       2.111041 r     -0.434832 (VIOLATED)
   rf_reg[2][9]/D           1.676211       2.111031 r     -0.434820 (VIOLATED)
   rf_reg[30][9]/D          1.676211       2.111031 r     -0.434820 (VIOLATED)
   rf_reg[16][17]/D         1.676207       2.110909 r     -0.434702 (VIOLATED)
   rf_reg[24][17]/D         1.676207       2.110909 r     -0.434702 (VIOLATED)
   rf_reg[4][17]/D          1.676207       2.110908 r     -0.434701 (VIOLATED)
   rf_reg[6][17]/D          1.676207       2.110908 r     -0.434701 (VIOLATED)
   rf_reg[17][17]/D         1.676207       2.110908 r     -0.434701 (VIOLATED)
   rf_reg[18][17]/D         1.676207       2.110908 r     -0.434701 (VIOLATED)
   rf_reg[19][17]/D         1.676207       2.110908 r     -0.434701 (VIOLATED)
   rf_reg[25][17]/D         1.676207       2.110908 r     -0.434701 (VIOLATED)
   rf_reg[27][17]/D         1.676207       2.110908 r     -0.434701 (VIOLATED)
   rf_reg[5][17]/D          1.676208       2.110904 r     -0.434696 (VIOLATED)
   rf_reg[7][17]/D          1.676208       2.110904 r     -0.434696 (VIOLATED)
   rf_reg[31][17]/D         1.676208       2.110904 r     -0.434696 (VIOLATED)
   rf_reg[30][17]/D         1.676211       2.110895 r     -0.434684 (VIOLATED)
   q_reg[14]1/D             1.637111       2.071784 r     -0.434674 (VIOLATED)
   q_reg[18]1/D             1.637111       2.071784 r     -0.434674 (VIOLATED)
   q_reg[2]1/D              1.637110       2.071451 r     -0.434340 (VIOLATED)
   q_reg[4]1/D              1.637110       2.071451 r     -0.434340 (VIOLATED)
   q_reg[6]1/D              1.637110       2.071451 r     -0.434340 (VIOLATED)
   q_reg[8]1/D              1.637110       2.071451 r     -0.434340 (VIOLATED)
   q_reg[10]1/D             1.637110       2.071451 r     -0.434340 (VIOLATED)
   q_reg[22]1/D             1.637110       2.071451 r     -0.434340 (VIOLATED)
   rf_reg[11][19]/D         1.676442       2.110687 r     -0.434245 (VIOLATED)
   rf_reg[11][1]/D          1.676442       2.110600 r     -0.434157 (VIOLATED)
   rf_reg[11][9]/D          1.676442       2.110140 r     -0.433698 (VIOLATED)
   rf_reg[13][26]/D         1.731492       2.165119 f     -0.433627 (VIOLATED)
   q_reg[3]1/D              1.637110       2.070738 r     -0.433627 (VIOLATED)
   q_reg[5]1/D              1.637110       2.070738 r     -0.433627 (VIOLATED)
   q_reg[7]1/D              1.637110       2.070738 r     -0.433627 (VIOLATED)
   q_reg[9]1/D              1.637110       2.070738 r     -0.433627 (VIOLATED)
   q_reg[21]1/D             1.637110       2.070738 r     -0.433627 (VIOLATED)
   q_reg[23]1/D             1.637110       2.070738 r     -0.433627 (VIOLATED)
   q_reg[25]1/D             1.637110       2.070738 r     -0.433627 (VIOLATED)
   q_reg[29]1/D             1.637110       2.070738 r     -0.433627 (VIOLATED)
   q_reg[31]1/D             1.637110       2.070738 r     -0.433627 (VIOLATED)
   rf_reg[15][23]/D         1.731841       2.165408 f     -0.433568 (VIOLATED)
   rf_reg[11][17]/D         1.676442       2.110004 r     -0.433562 (VIOLATED)
   rf_reg[8][11]/D          1.676207       2.109698 r     -0.433491 (VIOLATED)
   rf_reg[6][11]/D          1.676207       2.109697 r     -0.433489 (VIOLATED)
   rf_reg[10][11]/D         1.676207       2.109697 r     -0.433489 (VIOLATED)
   rf_reg[12][11]/D         1.676207       2.109697 r     -0.433489 (VIOLATED)
   rf_reg[17][11]/D         1.676207       2.109697 r     -0.433489 (VIOLATED)
   rf_reg[19][11]/D         1.676207       2.109697 r     -0.433489 (VIOLATED)
   rf_reg[20][11]/D         1.676207       2.109697 r     -0.433489 (VIOLATED)
   rf_reg[26][11]/D         1.676207       2.109697 r     -0.433489 (VIOLATED)
   rf_reg[27][11]/D         1.676207       2.109697 r     -0.433489 (VIOLATED)
   rf_reg[28][11]/D         1.676207       2.109697 r     -0.433489 (VIOLATED)
   rf_reg[5][11]/D          1.676208       2.109693 r     -0.433485 (VIOLATED)
   rf_reg[2][11]/D          1.676211       2.109684 r     -0.433473 (VIOLATED)
   rf_reg[30][11]/D         1.676211       2.109684 r     -0.433473 (VIOLATED)
   rf_reg[24][15]/D         1.676207       2.109570 r     -0.433363 (VIOLATED)
   rf_reg[1][15]/D          1.676207       2.109569 r     -0.433361 (VIOLATED)
   rf_reg[4][15]/D          1.676207       2.109569 r     -0.433361 (VIOLATED)
   rf_reg[6][15]/D          1.676207       2.109569 r     -0.433361 (VIOLATED)
   rf_reg[9][15]/D          1.676207       2.109569 r     -0.433361 (VIOLATED)
   rf_reg[12][15]/D         1.676207       2.109569 r     -0.433361 (VIOLATED)
   rf_reg[14][15]/D         1.676207       2.109569 r     -0.433361 (VIOLATED)
   rf_reg[19][15]/D         1.676207       2.109569 r     -0.433361 (VIOLATED)
   rf_reg[22][15]/D         1.676207       2.109569 r     -0.433361 (VIOLATED)
   rf_reg[27][15]/D         1.676207       2.109569 r     -0.433361 (VIOLATED)
   rf_reg[5][15]/D          1.676208       2.109565 r     -0.433357 (VIOLATED)
   rf_reg[23][15]/D         1.676208       2.109565 r     -0.433357 (VIOLATED)
   rf_reg[29][15]/D         1.676208       2.109565 r     -0.433357 (VIOLATED)
   rf_reg[31][15]/D         1.676208       2.109565 r     -0.433357 (VIOLATED)
   rf_reg[30][15]/D         1.676211       2.109555 r     -0.433345 (VIOLATED)
   rf_reg[5][30]/D          1.730782       2.163967 f     -0.433185 (VIOLATED)
   rf_reg[7][30]/D          1.730782       2.163967 f     -0.433185 (VIOLATED)
   rf_reg[21][30]/D         1.730782       2.163967 f     -0.433185 (VIOLATED)
   rf_reg[23][30]/D         1.730782       2.163967 f     -0.433185 (VIOLATED)
   rf_reg[29][30]/D         1.730782       2.163967 f     -0.433185 (VIOLATED)
   rf_reg[31][30]/D         1.730782       2.163967 f     -0.433185 (VIOLATED)
   rf_reg[1][30]/D          1.730782       2.163965 f     -0.433183 (VIOLATED)
   rf_reg[3][30]/D          1.730782       2.163965 f     -0.433183 (VIOLATED)
   rf_reg[6][30]/D          1.730782       2.163965 f     -0.433183 (VIOLATED)
   rf_reg[9][30]/D          1.730782       2.163965 f     -0.433183 (VIOLATED)
   rf_reg[10][30]/D         1.730782       2.163965 f     -0.433183 (VIOLATED)
   rf_reg[12][30]/D         1.730782       2.163965 f     -0.433183 (VIOLATED)
   rf_reg[14][30]/D         1.730782       2.163965 f     -0.433183 (VIOLATED)
   rf_reg[17][30]/D         1.730782       2.163965 f     -0.433183 (VIOLATED)
   rf_reg[19][30]/D         1.730782       2.163965 f     -0.433183 (VIOLATED)
   rf_reg[20][30]/D         1.730782       2.163965 f     -0.433183 (VIOLATED)
   rf_reg[22][30]/D         1.730782       2.163965 f     -0.433183 (VIOLATED)
   rf_reg[25][30]/D         1.730782       2.163965 f     -0.433183 (VIOLATED)
   rf_reg[26][30]/D         1.730782       2.163965 f     -0.433183 (VIOLATED)
   rf_reg[27][30]/D         1.730782       2.163965 f     -0.433183 (VIOLATED)
   rf_reg[28][30]/D         1.730782       2.163965 f     -0.433183 (VIOLATED)
   rf_reg[2][30]/D          1.730783       2.163965 f     -0.433182 (VIOLATED)
   rf_reg[8][30]/D          1.730782       2.163964 f     -0.433182 (VIOLATED)
   rf_reg[24][30]/D         1.730782       2.163964 f     -0.433182 (VIOLATED)
   rf_reg[30][30]/D         1.730783       2.163965 f     -0.433182 (VIOLATED)
   rf_reg[11][30]/D         1.730778       2.163737 f     -0.432959 (VIOLATED)
   rf_reg[16][11]/D         1.676207       2.108562 r     -0.432354 (VIOLATED)
   rf_reg[24][11]/D         1.676207       2.108562 r     -0.432354 (VIOLATED)
   rf_reg[4][11]/D          1.676207       2.108561 r     -0.432353 (VIOLATED)
   rf_reg[14][11]/D         1.676207       2.108561 r     -0.432353 (VIOLATED)
   rf_reg[22][11]/D         1.676207       2.108561 r     -0.432353 (VIOLATED)
   rf_reg[1][11]/D          1.676207       2.108560 r     -0.432353 (VIOLATED)
   rf_reg[3][11]/D          1.676207       2.108560 r     -0.432353 (VIOLATED)
   rf_reg[9][11]/D          1.676207       2.108560 r     -0.432353 (VIOLATED)
   rf_reg[18][11]/D         1.676207       2.108560 r     -0.432353 (VIOLATED)
   rf_reg[25][11]/D         1.676207       2.108560 r     -0.432353 (VIOLATED)
   rf_reg[11][11]/D         1.676442       2.108793 r     -0.432351 (VIOLATED)
   rf_reg[7][11]/D          1.676208       2.108557 r     -0.432348 (VIOLATED)
   rf_reg[21][11]/D         1.676208       2.108557 r     -0.432348 (VIOLATED)
   rf_reg[23][11]/D         1.676208       2.108557 r     -0.432348 (VIOLATED)
   rf_reg[29][11]/D         1.676208       2.108557 r     -0.432348 (VIOLATED)
   rf_reg[31][11]/D         1.676208       2.108557 r     -0.432348 (VIOLATED)
   rf_reg[7][28]/D          1.730782       2.163130 f     -0.432348 (VIOLATED)
   rf_reg[21][28]/D         1.730782       2.163130 f     -0.432348 (VIOLATED)
   rf_reg[23][28]/D         1.730782       2.163130 f     -0.432348 (VIOLATED)
   rf_reg[29][28]/D         1.730782       2.163130 f     -0.432348 (VIOLATED)
   rf_reg[31][28]/D         1.730782       2.163130 f     -0.432348 (VIOLATED)
   rf_reg[1][28]/D          1.730782       2.163128 f     -0.432346 (VIOLATED)
   rf_reg[3][28]/D          1.730782       2.163128 f     -0.432346 (VIOLATED)
   rf_reg[4][28]/D          1.730782       2.163128 f     -0.432346 (VIOLATED)
   rf_reg[9][28]/D          1.730782       2.163128 f     -0.432346 (VIOLATED)
   rf_reg[14][28]/D         1.730782       2.163128 f     -0.432346 (VIOLATED)
   rf_reg[18][28]/D         1.730782       2.163128 f     -0.432346 (VIOLATED)
   rf_reg[22][28]/D         1.730782       2.163128 f     -0.432346 (VIOLATED)
   rf_reg[26][28]/D         1.730782       2.163128 f     -0.432346 (VIOLATED)
   rf_reg[28][28]/D         1.730782       2.163128 f     -0.432346 (VIOLATED)
   rf_reg[8][28]/D          1.730782       2.163127 f     -0.432345 (VIOLATED)
   rf_reg[16][5]/D          1.676207       2.108366 r     -0.432159 (VIOLATED)
   rf_reg[4][5]/D           1.676207       2.108365 r     -0.432158 (VIOLATED)
   rf_reg[9][5]/D           1.676207       2.108365 r     -0.432158 (VIOLATED)
   rf_reg[12][5]/D          1.676207       2.108365 r     -0.432158 (VIOLATED)
   rf_reg[17][5]/D          1.676207       2.108365 r     -0.432158 (VIOLATED)
   rf_reg[18][5]/D          1.676207       2.108365 r     -0.432158 (VIOLATED)
   rf_reg[20][5]/D          1.676207       2.108365 r     -0.432158 (VIOLATED)
   rf_reg[26][5]/D          1.676207       2.108365 r     -0.432158 (VIOLATED)
   rf_reg[27][5]/D          1.676207       2.108365 r     -0.432158 (VIOLATED)
   rf_reg[28][5]/D          1.676207       2.108365 r     -0.432158 (VIOLATED)
   rf_reg[5][5]/D           1.676208       2.108361 r     -0.432153 (VIOLATED)
   rf_reg[2][5]/D           1.676211       2.108352 r     -0.432141 (VIOLATED)
   rf_reg[30][5]/D          1.676211       2.108352 r     -0.432141 (VIOLATED)
   rf_reg[13][23]/D         1.731492       2.163507 f     -0.432015 (VIOLATED)
   q_reg[28]1/D             1.637113       2.069017 r     -0.431904 (VIOLATED)
   rf_reg[16][18]/D         1.676207       2.107893 r     -0.431685 (VIOLATED)
   rf_reg[24][18]/D         1.676207       2.107893 r     -0.431685 (VIOLATED)
   rf_reg[4][18]/D          1.676207       2.107892 r     -0.431684 (VIOLATED)
   rf_reg[6][18]/D          1.676207       2.107892 r     -0.431684 (VIOLATED)
   rf_reg[17][18]/D         1.676207       2.107891 r     -0.431684 (VIOLATED)
   rf_reg[18][18]/D         1.676207       2.107891 r     -0.431684 (VIOLATED)
   rf_reg[19][18]/D         1.676207       2.107891 r     -0.431684 (VIOLATED)
   rf_reg[25][18]/D         1.676207       2.107891 r     -0.431684 (VIOLATED)
   rf_reg[27][18]/D         1.676207       2.107891 r     -0.431684 (VIOLATED)
   rf_reg[5][18]/D          1.676208       2.107888 r     -0.431679 (VIOLATED)
   rf_reg[31][18]/D         1.676208       2.107888 r     -0.431679 (VIOLATED)
   rf_reg[30][18]/D         1.676211       2.107878 r     -0.431667 (VIOLATED)
   rf_reg[8][15]/D          1.676207       2.107572 r     -0.431365 (VIOLATED)
   rf_reg[16][15]/D         1.676207       2.107572 r     -0.431365 (VIOLATED)
   rf_reg[3][15]/D          1.676207       2.107571 r     -0.431364 (VIOLATED)
   rf_reg[10][15]/D         1.676207       2.107571 r     -0.431364 (VIOLATED)
   rf_reg[17][15]/D         1.676207       2.107571 r     -0.431364 (VIOLATED)
   rf_reg[18][15]/D         1.676207       2.107571 r     -0.431364 (VIOLATED)
   rf_reg[20][15]/D         1.676207       2.107571 r     -0.431364 (VIOLATED)
   rf_reg[25][15]/D         1.676207       2.107571 r     -0.431364 (VIOLATED)
   rf_reg[26][15]/D         1.676207       2.107571 r     -0.431364 (VIOLATED)
   rf_reg[28][15]/D         1.676207       2.107571 r     -0.431364 (VIOLATED)
   rf_reg[7][15]/D          1.676208       2.107568 r     -0.431359 (VIOLATED)
   rf_reg[21][15]/D         1.676208       2.107568 r     -0.431359 (VIOLATED)
   rf_reg[2][15]/D          1.676211       2.107558 r     -0.431347 (VIOLATED)
   rf_reg[15][30]/D         1.731841       2.162954 f     -0.431113 (VIOLATED)
   rf_reg[8][5]/D           1.676207       2.107230 r     -0.431023 (VIOLATED)
   rf_reg[24][5]/D          1.676207       2.107230 r     -0.431023 (VIOLATED)
   rf_reg[6][5]/D           1.676207       2.107229 r     -0.431021 (VIOLATED)
   rf_reg[14][5]/D          1.676207       2.107229 r     -0.431021 (VIOLATED)
   rf_reg[22][5]/D          1.676207       2.107229 r     -0.431021 (VIOLATED)
   rf_reg[1][5]/D           1.676207       2.107229 r     -0.431021 (VIOLATED)
   rf_reg[3][5]/D           1.676207       2.107229 r     -0.431021 (VIOLATED)
   rf_reg[10][5]/D          1.676207       2.107229 r     -0.431021 (VIOLATED)
   rf_reg[19][5]/D          1.676207       2.107229 r     -0.431021 (VIOLATED)
   rf_reg[25][5]/D          1.676207       2.107229 r     -0.431021 (VIOLATED)
   rf_reg[11][5]/D          1.676442       2.107461 r     -0.431019 (VIOLATED)
   rf_reg[7][5]/D           1.676208       2.107225 r     -0.431017 (VIOLATED)
   rf_reg[21][5]/D          1.676208       2.107225 r     -0.431017 (VIOLATED)
   rf_reg[23][5]/D          1.676208       2.107225 r     -0.431017 (VIOLATED)
   rf_reg[29][5]/D          1.676208       2.107225 r     -0.431017 (VIOLATED)
   rf_reg[31][5]/D          1.676208       2.107225 r     -0.431017 (VIOLATED)
   rf_reg[8][18]/D          1.676207       2.106894 r     -0.430687 (VIOLATED)
   rf_reg[1][18]/D          1.676207       2.106893 r     -0.430685 (VIOLATED)
   rf_reg[3][18]/D          1.676207       2.106893 r     -0.430685 (VIOLATED)
   rf_reg[9][18]/D          1.676207       2.106893 r     -0.430685 (VIOLATED)
   rf_reg[10][18]/D         1.676207       2.106893 r     -0.430685 (VIOLATED)
   rf_reg[12][18]/D         1.676207       2.106893 r     -0.430685 (VIOLATED)
   rf_reg[14][18]/D         1.676207       2.106893 r     -0.430685 (VIOLATED)
   rf_reg[20][18]/D         1.676207       2.106893 r     -0.430685 (VIOLATED)
   rf_reg[22][18]/D         1.676207       2.106893 r     -0.430685 (VIOLATED)
   rf_reg[26][18]/D         1.676207       2.106893 r     -0.430685 (VIOLATED)
   rf_reg[28][18]/D         1.676207       2.106893 r     -0.430685 (VIOLATED)
   rf_reg[7][18]/D          1.676208       2.106889 r     -0.430681 (VIOLATED)
   rf_reg[21][18]/D         1.676208       2.106889 r     -0.430681 (VIOLATED)
   rf_reg[23][18]/D         1.676208       2.106889 r     -0.430681 (VIOLATED)
   rf_reg[29][18]/D         1.676208       2.106889 r     -0.430681 (VIOLATED)
   rf_reg[2][18]/D          1.676211       2.106879 r     -0.430669 (VIOLATED)
   rf_reg[11][18]/D         1.676442       2.106987 r     -0.430545 (VIOLATED)
   rf_reg[16][28]/D         1.676207       2.106658 r     -0.430451 (VIOLATED)
   rf_reg[24][28]/D         1.676207       2.106658 r     -0.430451 (VIOLATED)
   rf_reg[6][28]/D          1.676207       2.106657 r     -0.430450 (VIOLATED)
   rf_reg[10][28]/D         1.676207       2.106657 r     -0.430450 (VIOLATED)
   rf_reg[12][28]/D         1.676207       2.106657 r     -0.430450 (VIOLATED)
   rf_reg[17][28]/D         1.676207       2.106657 r     -0.430450 (VIOLATED)
   rf_reg[19][28]/D         1.676207       2.106657 r     -0.430450 (VIOLATED)
   rf_reg[20][28]/D         1.676207       2.106657 r     -0.430450 (VIOLATED)
   rf_reg[25][28]/D         1.676207       2.106657 r     -0.430450 (VIOLATED)
   rf_reg[27][28]/D         1.676207       2.106657 r     -0.430450 (VIOLATED)
   rf_reg[5][28]/D          1.676208       2.106653 r     -0.430445 (VIOLATED)
   rf_reg[2][28]/D          1.676211       2.106644 r     -0.430433 (VIOLATED)
   rf_reg[30][28]/D         1.676211       2.106644 r     -0.430433 (VIOLATED)
   rf_reg[15][28]/D         1.731841       2.162117 f     -0.430276 (VIOLATED)
   rf_reg[11][15]/D         1.676442       2.106667 r     -0.430225 (VIOLATED)
   q_reg[27]1/D             1.637112       2.066994 r     -0.429883 (VIOLATED)
   rf_reg[13][30]/D         1.731492       2.161052 f     -0.429560 (VIOLATED)
   rf_reg[16][0]/D          1.676207       2.105686 r     -0.429479 (VIOLATED)
   rf_reg[24][0]/D          1.676207       2.105686 r     -0.429479 (VIOLATED)
   rf_reg[6][0]/D           1.676207       2.105685 r     -0.429478 (VIOLATED)
   rf_reg[9][0]/D           1.676207       2.105685 r     -0.429478 (VIOLATED)
   rf_reg[10][0]/D          1.676207       2.105685 r     -0.429478 (VIOLATED)
   rf_reg[14][0]/D          1.676207       2.105685 r     -0.429478 (VIOLATED)
   rf_reg[18][0]/D          1.676207       2.105685 r     -0.429478 (VIOLATED)
   rf_reg[26][0]/D          1.676207       2.105685 r     -0.429478 (VIOLATED)
   rf_reg[27][0]/D          1.676207       2.105685 r     -0.429478 (VIOLATED)
   rf_reg[7][0]/D           1.676208       2.105682 r     -0.429473 (VIOLATED)
   rf_reg[2][0]/D           1.676211       2.105672 r     -0.429461 (VIOLATED)
   rf_reg[8][6]/D           1.676207       2.105570 r     -0.429363 (VIOLATED)
   rf_reg[1][6]/D           1.676207       2.105569 r     -0.429361 (VIOLATED)
   rf_reg[6][6]/D           1.676207       2.105569 r     -0.429361 (VIOLATED)
   rf_reg[9][6]/D           1.676207       2.105569 r     -0.429361 (VIOLATED)
   rf_reg[12][6]/D          1.676207       2.105569 r     -0.429361 (VIOLATED)
   rf_reg[14][6]/D          1.676207       2.105569 r     -0.429361 (VIOLATED)
   rf_reg[19][6]/D          1.676207       2.105569 r     -0.429361 (VIOLATED)
   rf_reg[20][6]/D          1.676207       2.105569 r     -0.429361 (VIOLATED)
   rf_reg[22][6]/D          1.676207       2.105569 r     -0.429361 (VIOLATED)
   rf_reg[26][6]/D          1.676207       2.105569 r     -0.429361 (VIOLATED)
   rf_reg[27][6]/D          1.676207       2.105569 r     -0.429361 (VIOLATED)
   rf_reg[7][6]/D           1.676208       2.105565 r     -0.429357 (VIOLATED)
   rf_reg[23][6]/D          1.676208       2.105565 r     -0.429357 (VIOLATED)
   rf_reg[2][6]/D           1.676211       2.105556 r     -0.429345 (VIOLATED)
   rf_reg[11][28]/D         1.676442       2.105753 r     -0.429311 (VIOLATED)
   rf_reg[8][31]/D          1.676207       2.105238 r     -0.429031 (VIOLATED)
   rf_reg[16][31]/D         1.676207       2.105238 r     -0.429031 (VIOLATED)
   rf_reg[24][31]/D         1.676207       2.105238 r     -0.429031 (VIOLATED)
   rf_reg[1][31]/D          1.676207       2.105237 r     -0.429029 (VIOLATED)
   rf_reg[4][31]/D          1.676207       2.105237 r     -0.429029 (VIOLATED)
   rf_reg[6][31]/D          1.676207       2.105237 r     -0.429029 (VIOLATED)
   rf_reg[9][31]/D          1.676207       2.105237 r     -0.429029 (VIOLATED)
   rf_reg[10][31]/D         1.676207       2.105237 r     -0.429029 (VIOLATED)
   rf_reg[12][31]/D         1.676207       2.105237 r     -0.429029 (VIOLATED)
   rf_reg[14][31]/D         1.676207       2.105237 r     -0.429029 (VIOLATED)
   rf_reg[17][31]/D         1.676207       2.105237 r     -0.429029 (VIOLATED)
   rf_reg[18][31]/D         1.676207       2.105237 r     -0.429029 (VIOLATED)
   rf_reg[19][31]/D         1.676207       2.105237 r     -0.429029 (VIOLATED)
   rf_reg[20][31]/D         1.676207       2.105237 r     -0.429029 (VIOLATED)
   rf_reg[22][31]/D         1.676207       2.105237 r     -0.429029 (VIOLATED)
   rf_reg[25][31]/D         1.676207       2.105237 r     -0.429029 (VIOLATED)
   rf_reg[26][31]/D         1.676207       2.105237 r     -0.429029 (VIOLATED)
   rf_reg[28][31]/D         1.676207       2.105237 r     -0.429029 (VIOLATED)
   rf_reg[5][31]/D          1.676208       2.105233 r     -0.429025 (VIOLATED)
   rf_reg[7][31]/D          1.676208       2.105233 r     -0.429025 (VIOLATED)
   rf_reg[21][31]/D         1.676208       2.105233 r     -0.429025 (VIOLATED)
   rf_reg[23][31]/D         1.676208       2.105233 r     -0.429025 (VIOLATED)
   rf_reg[29][31]/D         1.676208       2.105233 r     -0.429025 (VIOLATED)
   rf_reg[31][31]/D         1.676208       2.105233 r     -0.429025 (VIOLATED)
   rf_reg[2][31]/D          1.676211       2.105223 r     -0.429013 (VIOLATED)
   rf_reg[30][31]/D         1.676211       2.105223 r     -0.429013 (VIOLATED)
   rf_reg[15][24]/D         1.731841       2.160793 f     -0.428952 (VIOLATED)
   q_reg[0]1/D              1.637112       2.065804 r     -0.428692 (VIOLATED)
   q_reg[26]1/D             1.637113       2.065804 r     -0.428692 (VIOLATED)
   q_reg[24]1/D             1.637114       2.065804 r     -0.428690 (VIOLATED)
   rf_reg[6][14]/D          1.676207       2.104605 r     -0.428398 (VIOLATED)
   rf_reg[10][14]/D         1.676207       2.104605 r     -0.428398 (VIOLATED)
   rf_reg[12][14]/D         1.676207       2.104605 r     -0.428398 (VIOLATED)
   rf_reg[17][14]/D         1.676207       2.104605 r     -0.428398 (VIOLATED)
   rf_reg[20][14]/D         1.676207       2.104605 r     -0.428398 (VIOLATED)
   rf_reg[2][14]/D          1.676211       2.104592 r     -0.428381 (VIOLATED)
   rf_reg[16][6]/D          1.676207       2.104434 r     -0.428226 (VIOLATED)
   rf_reg[24][6]/D          1.676207       2.104434 r     -0.428226 (VIOLATED)
   rf_reg[4][6]/D           1.676207       2.104433 r     -0.428225 (VIOLATED)
   rf_reg[28][6]/D          1.676207       2.104433 r     -0.428225 (VIOLATED)
   rf_reg[3][6]/D           1.676207       2.104432 r     -0.428225 (VIOLATED)
   rf_reg[10][6]/D          1.676207       2.104432 r     -0.428225 (VIOLATED)
   rf_reg[17][6]/D          1.676207       2.104432 r     -0.428225 (VIOLATED)
   rf_reg[18][6]/D          1.676207       2.104432 r     -0.428225 (VIOLATED)
   rf_reg[25][6]/D          1.676207       2.104432 r     -0.428225 (VIOLATED)
   rf_reg[5][6]/D           1.676208       2.104429 r     -0.428220 (VIOLATED)
   rf_reg[21][6]/D          1.676208       2.104429 r     -0.428220 (VIOLATED)
   rf_reg[29][6]/D          1.676208       2.104429 r     -0.428220 (VIOLATED)
   rf_reg[31][6]/D          1.676208       2.104429 r     -0.428220 (VIOLATED)
   rf_reg[30][6]/D          1.676211       2.104419 r     -0.428208 (VIOLATED)
   q_reg[1]1/D              1.637112       2.065092 r     -0.427980 (VIOLATED)
   rf_reg[16][14]/D         1.676207       2.103472 r     -0.427265 (VIOLATED)
   rf_reg[24][14]/D         1.676207       2.103472 r     -0.427265 (VIOLATED)
   rf_reg[1][14]/D          1.676207       2.103471 r     -0.427264 (VIOLATED)
   rf_reg[3][14]/D          1.676207       2.103471 r     -0.427264 (VIOLATED)
   rf_reg[4][14]/D          1.676207       2.103471 r     -0.427264 (VIOLATED)
   rf_reg[9][14]/D          1.676207       2.103471 r     -0.427264 (VIOLATED)
   rf_reg[14][14]/D         1.676207       2.103471 r     -0.427264 (VIOLATED)
   rf_reg[18][14]/D         1.676207       2.103471 r     -0.427264 (VIOLATED)
   rf_reg[19][14]/D         1.676207       2.103471 r     -0.427264 (VIOLATED)
   rf_reg[22][14]/D         1.676207       2.103471 r     -0.427264 (VIOLATED)
   rf_reg[25][14]/D         1.676207       2.103471 r     -0.427264 (VIOLATED)
   rf_reg[27][14]/D         1.676207       2.103471 r     -0.427264 (VIOLATED)
   rf_reg[5][14]/D          1.676208       2.103468 r     -0.427259 (VIOLATED)
   rf_reg[7][14]/D          1.676208       2.103468 r     -0.427259 (VIOLATED)
   rf_reg[21][14]/D         1.676208       2.103468 r     -0.427259 (VIOLATED)
   rf_reg[23][14]/D         1.676208       2.103468 r     -0.427259 (VIOLATED)
   rf_reg[29][14]/D         1.676208       2.103468 r     -0.427259 (VIOLATED)
   rf_reg[31][14]/D         1.676208       2.103468 r     -0.427259 (VIOLATED)
   rf_reg[11][14]/D         1.676442       2.103701 r     -0.427259 (VIOLATED)
   rf_reg[30][14]/D         1.676211       2.103458 r     -0.427247 (VIOLATED)
   rf_reg[11][6]/D          1.676442       2.103528 r     -0.427086 (VIOLATED)
   rf_reg[24][29]/D         1.676207       2.103100 r     -0.426893 (VIOLATED)
   rf_reg[18][29]/D         1.676207       2.103099 r     -0.426891 (VIOLATED)
   rf_reg[28][29]/D         1.676207       2.103099 r     -0.426891 (VIOLATED)
   rf_reg[3][23]/D          1.676207       2.102546 r     -0.426338 (VIOLATED)
   rf_reg[9][23]/D          1.676207       2.102546 r     -0.426338 (VIOLATED)
   rf_reg[27][23]/D         1.676207       2.102546 r     -0.426338 (VIOLATED)
   rf_reg[10][21]/D         1.676207       2.102204 r     -0.425997 (VIOLATED)
   rf_reg[26][21]/D         1.676207       2.102204 r     -0.425997 (VIOLATED)
   rf_reg[13][27]/D         1.731492       2.157435 f     -0.425943 (VIOLATED)
   rf_reg[26][27]/D         1.676207       2.102023 r     -0.425816 (VIOLATED)
   rf_reg[31][27]/D         1.676208       2.102020 r     -0.425811 (VIOLATED)
   rf_reg[3][26]/D          1.730782       2.156520 f     -0.425738 (VIOLATED)
   rf_reg[19][26]/D         1.730782       2.156520 f     -0.425738 (VIOLATED)
   rf_reg[26][26]/D         1.730782       2.156520 f     -0.425738 (VIOLATED)
   rf_reg[16][20]/D         1.676207       2.101380 r     -0.425173 (VIOLATED)
   rf_reg[10][20]/D         1.676207       2.101378 r     -0.425171 (VIOLATED)
   rf_reg[28][20]/D         1.676207       2.101378 r     -0.425171 (VIOLATED)
   rf_reg[13][22]/D         1.731492       2.156502 f     -0.425010 (VIOLATED)
   rf_reg[11][21]/D         1.676442       2.101300 r     -0.424858 (VIOLATED)
   rf_reg[8][12]/D          1.676207       2.101021 r     -0.424814 (VIOLATED)
   rf_reg[14][12]/D         1.676207       2.101019 r     -0.424812 (VIOLATED)
   rf_reg[25][12]/D         1.676207       2.101019 r     -0.424812 (VIOLATED)
   rf_reg[13][29]/D         1.679266       2.103989 r     -0.424723 (VIOLATED)
   rf_reg[11][27]/D         1.676442       2.101119 r     -0.424677 (VIOLATED)
   rf_reg[20][10]/D         1.676207       2.100673 r     -0.424466 (VIOLATED)
   rf_reg[9][10]/D          1.676207       2.100673 r     -0.424466 (VIOLATED)
   rf_reg[25][10]/D         1.676207       2.100673 r     -0.424466 (VIOLATED)
   rf_reg[29][10]/D         1.676208       2.100669 r     -0.424461 (VIOLATED)
   rf_reg[31][10]/D         1.676208       2.100669 r     -0.424461 (VIOLATED)
   rf_reg[2][10]/D          1.676211       2.100660 r     -0.424449 (VIOLATED)
   rf_reg[24][22]/D         1.676207       2.100602 r     -0.424395 (VIOLATED)
   rf_reg[12][22]/D         1.676207       2.100601 r     -0.424393 (VIOLATED)
   rf_reg[31][22]/D         1.676208       2.100597 r     -0.424389 (VIOLATED)
   rf_reg[15][27]/D         1.731947       2.156061 f     -0.424114 (VIOLATED)
   rf_reg[13][21]/D         1.679266       2.103105 r     -0.423839 (VIOLATED)
   rf_reg[13][28]/D         1.731492       2.155266 f     -0.423774 (VIOLATED)
   rf_reg[15][21]/D         1.731841       2.155475 f     -0.423635 (VIOLATED)
   rf_reg[15][31]/D         1.731841       2.155342 f     -0.423501 (VIOLATED)
   rf_reg[15][20]/D         1.731841       2.155162 f     -0.423321 (VIOLATED)
   rf_reg[9][24]/D          1.676207       2.099398 r     -0.423191 (VIOLATED)
   rf_reg[14][24]/D         1.676207       2.099398 r     -0.423191 (VIOLATED)
   rf_reg[17][24]/D         1.676207       2.099398 r     -0.423191 (VIOLATED)
   rf_reg[19][24]/D         1.676207       2.099398 r     -0.423191 (VIOLATED)
   rf_reg[20][24]/D         1.676207       2.099398 r     -0.423191 (VIOLATED)
   rf_reg[26][24]/D         1.676207       2.099398 r     -0.423191 (VIOLATED)
   rf_reg[7][24]/D          1.676208       2.099395 r     -0.423186 (VIOLATED)
   rf_reg[23][24]/D         1.676208       2.099395 r     -0.423186 (VIOLATED)
   rf_reg[29][24]/D         1.676208       2.099395 r     -0.423186 (VIOLATED)
   rf_reg[15][22]/D         1.731947       2.155128 f     -0.423181 (VIOLATED)
   rf_reg[8][8]/D           1.676207       2.099326 r     -0.423119 (VIOLATED)
   rf_reg[16][8]/D          1.676207       2.099326 r     -0.423119 (VIOLATED)
   rf_reg[24][8]/D          1.676207       2.099326 r     -0.423119 (VIOLATED)
   rf_reg[4][8]/D           1.676207       2.099325 r     -0.423118 (VIOLATED)
   rf_reg[6][8]/D           1.676207       2.099325 r     -0.423118 (VIOLATED)
   rf_reg[12][8]/D          1.676207       2.099325 r     -0.423118 (VIOLATED)
   rf_reg[14][8]/D          1.676207       2.099325 r     -0.423118 (VIOLATED)
   rf_reg[20][8]/D          1.676207       2.099325 r     -0.423118 (VIOLATED)
   rf_reg[22][8]/D          1.676207       2.099325 r     -0.423118 (VIOLATED)
   rf_reg[28][8]/D          1.676207       2.099325 r     -0.423118 (VIOLATED)
   rf_reg[1][8]/D           1.676207       2.099325 r     -0.423118 (VIOLATED)
   rf_reg[3][8]/D           1.676207       2.099325 r     -0.423118 (VIOLATED)
   rf_reg[9][8]/D           1.676207       2.099325 r     -0.423118 (VIOLATED)
   rf_reg[17][8]/D          1.676207       2.099325 r     -0.423118 (VIOLATED)
   rf_reg[18][8]/D          1.676207       2.099325 r     -0.423118 (VIOLATED)
   rf_reg[19][8]/D          1.676207       2.099325 r     -0.423118 (VIOLATED)
   rf_reg[25][8]/D          1.676207       2.099325 r     -0.423118 (VIOLATED)
   rf_reg[27][8]/D          1.676207       2.099325 r     -0.423118 (VIOLATED)
   rf_reg[5][8]/D           1.676208       2.099321 r     -0.423113 (VIOLATED)
   rf_reg[7][8]/D           1.676208       2.099321 r     -0.423113 (VIOLATED)
   rf_reg[21][8]/D          1.676208       2.099321 r     -0.423113 (VIOLATED)
   rf_reg[23][8]/D          1.676208       2.099321 r     -0.423113 (VIOLATED)
   rf_reg[29][8]/D          1.676208       2.099321 r     -0.423113 (VIOLATED)
   rf_reg[31][8]/D          1.676208       2.099321 r     -0.423113 (VIOLATED)
   rf_reg[2][8]/D           1.676211       2.099312 r     -0.423101 (VIOLATED)
   rf_reg[24][7]/D          1.676207       2.099226 r     -0.423019 (VIOLATED)
   rf_reg[14][7]/D          1.676207       2.099225 r     -0.423018 (VIOLATED)
   rf_reg[22][7]/D          1.676207       2.099225 r     -0.423018 (VIOLATED)
   rf_reg[1][7]/D           1.676207       2.099225 r     -0.423017 (VIOLATED)
   rf_reg[9][7]/D           1.676207       2.099225 r     -0.423017 (VIOLATED)
   rf_reg[19][7]/D          1.676207       2.099225 r     -0.423017 (VIOLATED)
   rf_reg[13][20]/D         1.679266       2.102279 r     -0.423013 (VIOLATED)
   rf_reg[23][7]/D          1.676208       2.099221 r     -0.423013 (VIOLATED)
   rf_reg[29][7]/D          1.676208       2.099221 r     -0.423013 (VIOLATED)
   rf_reg[8][19]/D          1.676207       2.098919 r     -0.422712 (VIOLATED)
   rf_reg[25][19]/D         1.676207       2.098918 r     -0.422711 (VIOLATED)
   rf_reg[2][19]/D          1.676211       2.098905 r     -0.422694 (VIOLATED)
   rf_reg[4][1]/D           1.676207       2.098833 r     -0.422625 (VIOLATED)
   rf_reg[20][1]/D          1.676207       2.098833 r     -0.422625 (VIOLATED)
   rf_reg[7][1]/D           1.676208       2.098829 r     -0.422621 (VIOLATED)
   rf_reg[25][13]/D         1.676207       2.098429 r     -0.422222 (VIOLATED)
   rf_reg[31][13]/D         1.676208       2.098426 r     -0.422217 (VIOLATED)
   rf_reg[15][17]/D         1.731841       2.154003 f     -0.422162 (VIOLATED)
   rf_reg[11][24]/D         1.676442       2.098494 r     -0.422052 (VIOLATED)
   rf_reg[11][8]/D          1.676442       2.098421 r     -0.421979 (VIOLATED)
   rf_reg[15][5]/D          1.731947       2.153731 f     -0.421783 (VIOLATED)
   rf_reg[4][30]/D          1.730782       2.152452 f     -0.421670 (VIOLATED)
   rf_reg[18][30]/D         1.730782       2.152452 f     -0.421670 (VIOLATED)
   rf_reg[16][30]/D         1.730782       2.152451 f     -0.421669 (VIOLATED)
   rf_reg[11][13]/D         1.676442       2.097525 r     -0.421083 (VIOLATED)
   rf_reg[15][15]/D         1.731841       2.152674 f     -0.420833 (VIOLATED)
   rf_reg[13][10]/D         1.679266       2.099921 r     -0.420655 (VIOLATED)
   rf_reg[13][17]/D         1.731492       2.152101 f     -0.420609 (VIOLATED)
   rf_reg[13][19]/D         1.679266       2.099818 r     -0.420553 (VIOLATED)
   rf_reg[13][13]/D         1.679266       2.099344 r     -0.420079 (VIOLATED)
   rf_reg[13][31]/D         1.731492       2.150584 f     -0.419093 (VIOLATED)
   rf_reg[13][11]/D         1.679266       2.097924 r     -0.418659 (VIOLATED)
   rf_reg[13][5]/D          1.731492       2.150149 f     -0.418657 (VIOLATED)
   rf_reg[13][18]/D         1.679266       2.096119 r     -0.416853 (VIOLATED)
   rf_reg[20][0]/D          1.676207       2.092998 r     -0.416790 (VIOLATED)
   rf_reg[1][0]/D           1.676207       2.092997 r     -0.416790 (VIOLATED)
   rf_reg[21][0]/D          1.676208       2.092994 r     -0.416785 (VIOLATED)
   rf_reg[16][16]/D         1.676207       2.092720 r     -0.416512 (VIOLATED)
   rf_reg[24][16]/D         1.676207       2.092720 r     -0.416512 (VIOLATED)
   rf_reg[4][16]/D          1.676207       2.092719 r     -0.416511 (VIOLATED)
   rf_reg[6][16]/D          1.676207       2.092719 r     -0.416511 (VIOLATED)
   rf_reg[20][16]/D         1.676207       2.092719 r     -0.416511 (VIOLATED)
   rf_reg[9][16]/D          1.676207       2.092718 r     -0.416511 (VIOLATED)
   rf_reg[17][16]/D         1.676207       2.092718 r     -0.416511 (VIOLATED)
   rf_reg[18][16]/D         1.676207       2.092718 r     -0.416511 (VIOLATED)
   rf_reg[25][16]/D         1.676207       2.092718 r     -0.416511 (VIOLATED)
   rf_reg[5][16]/D          1.676208       2.092715 r     -0.416506 (VIOLATED)
   rf_reg[29][16]/D         1.676208       2.092715 r     -0.416506 (VIOLATED)
   rf_reg[31][16]/D         1.676208       2.092715 r     -0.416506 (VIOLATED)
   rf_reg[2][16]/D          1.676211       2.092705 r     -0.416494 (VIOLATED)
   rf_reg[15][29]/D         1.731841       2.148290 f     -0.416449 (VIOLATED)
   rf_reg[3][31]/D          1.676207       2.092588 r     -0.416381 (VIOLATED)
   rf_reg[27][31]/D         1.676207       2.092588 r     -0.416381 (VIOLATED)
   rf_reg[8][16]/D          1.676207       2.091895 r     -0.415688 (VIOLATED)
   rf_reg[1][16]/D          1.676207       2.091894 r     -0.415686 (VIOLATED)
   rf_reg[3][16]/D          1.676207       2.091894 r     -0.415686 (VIOLATED)
   rf_reg[10][16]/D         1.676207       2.091894 r     -0.415686 (VIOLATED)
   rf_reg[12][16]/D         1.676207       2.091894 r     -0.415686 (VIOLATED)
   rf_reg[14][16]/D         1.676207       2.091894 r     -0.415686 (VIOLATED)
   rf_reg[19][16]/D         1.676207       2.091894 r     -0.415686 (VIOLATED)
   rf_reg[22][16]/D         1.676207       2.091894 r     -0.415686 (VIOLATED)
   rf_reg[26][16]/D         1.676207       2.091894 r     -0.415686 (VIOLATED)
   rf_reg[27][16]/D         1.676207       2.091894 r     -0.415686 (VIOLATED)
   rf_reg[28][16]/D         1.676207       2.091894 r     -0.415686 (VIOLATED)
   rf_reg[7][16]/D          1.676208       2.091890 r     -0.415682 (VIOLATED)
   rf_reg[21][16]/D         1.676208       2.091890 r     -0.415682 (VIOLATED)
   rf_reg[23][16]/D         1.676208       2.091890 r     -0.415682 (VIOLATED)
   rf_reg[8][14]/D          1.676207       2.091887 r     -0.415680 (VIOLATED)
   rf_reg[28][14]/D         1.676207       2.091887 r     -0.415679 (VIOLATED)
   rf_reg[26][14]/D         1.676207       2.091886 r     -0.415679 (VIOLATED)
   rf_reg[30][16]/D         1.676211       2.091881 r     -0.415670 (VIOLATED)
   rf_reg[11][16]/D         1.676442       2.091814 r     -0.415372 (VIOLATED)
   rf_reg[11][31]/D         1.676442       2.091684 r     -0.415242 (VIOLATED)
   rf_reg[13][14]/D         1.679266       2.092833 r     -0.413567 (VIOLATED)
   rf_reg[11][0]/D          1.679784       2.093159 r     -0.413375 (VIOLATED)
   rf_reg[13][15]/D         1.731492       2.144743 f     -0.413251 (VIOLATED)
   rf_reg[15][12]/D         1.679935       2.093071 r     -0.413136 (VIOLATED)
   rf_reg[13][1]/D          1.731492       2.144608 f     -0.413117 (VIOLATED)
   rf_reg[24][10]/D         1.676207       2.088445 r     -0.412238 (VIOLATED)
   rf_reg[6][10]/D          1.676207       2.088444 r     -0.412237 (VIOLATED)
   rf_reg[17][10]/D         1.676207       2.088444 r     -0.412237 (VIOLATED)
   rf_reg[5][10]/D          1.676208       2.088440 r     -0.412232 (VIOLATED)
   rf_reg[15][25]/D         1.679935       2.091478 r     -0.411543 (VIOLATED)
   rf_reg[15][1]/D          1.731947       2.143235 f     -0.411288 (VIOLATED)
   rf_reg[15][10]/D         1.679935       2.091059 r     -0.411124 (VIOLATED)
   rf_reg[11][10]/D         1.676442       2.087540 r     -0.411098 (VIOLATED)
   rf_reg[15][19]/D         1.679935       2.090956 r     -0.411021 (VIOLATED)
   rf_reg[8][7]/D           1.676207       2.086997 r     -0.410790 (VIOLATED)
   rf_reg[6][7]/D           1.676207       2.086996 r     -0.410788 (VIOLATED)
   rf_reg[12][7]/D          1.676207       2.086996 r     -0.410788 (VIOLATED)
   rf_reg[20][7]/D          1.676207       2.086996 r     -0.410788 (VIOLATED)
   rf_reg[25][7]/D          1.676207       2.086996 r     -0.410788 (VIOLATED)
   rf_reg[7][7]/D           1.676208       2.086992 r     -0.410784 (VIOLATED)
   rf_reg[2][7]/D           1.676211       2.086982 r     -0.410772 (VIOLATED)
   rf_reg[3][7]/D           1.676207       2.086943 r     -0.410736 (VIOLATED)
   rf_reg[21][7]/D          1.676208       2.086940 r     -0.410731 (VIOLATED)
   rf_reg[31][7]/D          1.676208       2.086940 r     -0.410731 (VIOLATED)
   rf_reg[30][7]/D          1.676211       2.086930 r     -0.410719 (VIOLATED)
   rf_reg[15][0]/D          1.679935       2.090620 r     -0.410684 (VIOLATED)
   rf_reg[15][13]/D         1.679935       2.090482 r     -0.410547 (VIOLATED)
   rf_reg[10][8]/D          1.676207       2.086653 r     -0.410446 (VIOLATED)
   rf_reg[26][8]/D          1.676207       2.086653 r     -0.410446 (VIOLATED)
   rf_reg[30][8]/D          1.676211       2.086640 r     -0.410429 (VIOLATED)
   rf_reg[11][7]/D          1.676442       2.086039 r     -0.409597 (VIOLATED)
   rf_reg[13][9]/D          1.731492       2.140882 f     -0.409390 (VIOLATED)
   rf_reg[15][18]/D         1.731841       2.140852 f     -0.409011 (VIOLATED)
   rf_reg[15][9]/D          1.679935       2.088238 r     -0.408303 (VIOLATED)
   rf_reg[13][8]/D          1.679266       2.087553 r     -0.408287 (VIOLATED)
   rf_reg[15][11]/D         1.679935       2.087926 r     -0.407991 (VIOLATED)
   rf_reg[13][25]/D         1.680011       2.087971 r     -0.407960 (VIOLATED)
   rf_reg[13][12]/D         1.680011       2.087393 r     -0.407382 (VIOLATED)
   rf_reg[15][14]/D         1.731841       2.138505 f     -0.406664 (VIOLATED)
   rf_reg[15][6]/D          1.679935       2.084934 r     -0.404999 (VIOLATED)
   rf_reg[8][4]/D           1.676207       2.080366 r     -0.404159 (VIOLATED)
   rf_reg[12][4]/D          1.676207       2.080365 r     -0.404157 (VIOLATED)
   rf_reg[22][4]/D          1.676207       2.080365 r     -0.404157 (VIOLATED)
   rf_reg[1][4]/D           1.676207       2.080364 r     -0.404157 (VIOLATED)
   rf_reg[25][4]/D          1.676207       2.080364 r     -0.404157 (VIOLATED)
   rf_reg[7][4]/D           1.676208       2.080361 r     -0.404153 (VIOLATED)
   rf_reg[13][16]/D         1.679266       2.080121 r     -0.400856 (VIOLATED)
   rf_reg[13][0]/D          1.680011       2.079373 r     -0.399362 (VIOLATED)
   rf_reg[15][8]/D          1.731841       2.131090 f     -0.399249 (VIOLATED)
   rf_reg[13][6]/D          1.731492       2.130611 f     -0.399119 (VIOLATED)
   rf_reg[16][7]/D          1.676207       2.074723 r     -0.398515 (VIOLATED)
   rf_reg[4][7]/D           1.676207       2.074721 r     -0.398514 (VIOLATED)
   rf_reg[10][7]/D          1.676207       2.074721 r     -0.398514 (VIOLATED)
   rf_reg[17][7]/D          1.676207       2.074721 r     -0.398514 (VIOLATED)
   rf_reg[18][7]/D          1.676207       2.074721 r     -0.398514 (VIOLATED)
   rf_reg[26][7]/D          1.676207       2.074721 r     -0.398514 (VIOLATED)
   rf_reg[27][7]/D          1.676207       2.074721 r     -0.398514 (VIOLATED)
   rf_reg[28][7]/D          1.676207       2.074721 r     -0.398514 (VIOLATED)
   rf_reg[5][7]/D           1.676208       2.074718 r     -0.398509 (VIOLATED)
   rf_reg[15][16]/D         1.731841       2.124332 f     -0.392492 (VIOLATED)
   rf_reg[16][4]/D          1.676207       2.068144 r     -0.391937 (VIOLATED)
   rf_reg[24][4]/D          1.676207       2.068144 r     -0.391937 (VIOLATED)
   rf_reg[3][4]/D           1.676207       2.068142 r     -0.391935 (VIOLATED)
   rf_reg[4][4]/D           1.676207       2.068142 r     -0.391935 (VIOLATED)
   rf_reg[6][4]/D           1.676207       2.068142 r     -0.391935 (VIOLATED)
   rf_reg[9][4]/D           1.676207       2.068142 r     -0.391935 (VIOLATED)
   rf_reg[10][4]/D          1.676207       2.068142 r     -0.391935 (VIOLATED)
   rf_reg[14][4]/D          1.676207       2.068142 r     -0.391935 (VIOLATED)
   rf_reg[17][4]/D          1.676207       2.068142 r     -0.391935 (VIOLATED)
   rf_reg[18][4]/D          1.676207       2.068142 r     -0.391935 (VIOLATED)
   rf_reg[19][4]/D          1.676207       2.068142 r     -0.391935 (VIOLATED)
   rf_reg[20][4]/D          1.676207       2.068142 r     -0.391935 (VIOLATED)
   rf_reg[26][4]/D          1.676207       2.068142 r     -0.391935 (VIOLATED)
   rf_reg[27][4]/D          1.676207       2.068142 r     -0.391935 (VIOLATED)
   rf_reg[28][4]/D          1.676207       2.068142 r     -0.391935 (VIOLATED)
   rf_reg[8][3]/D           1.676207       2.068142 r     -0.391935 (VIOLATED)
   rf_reg[16][3]/D          1.676207       2.068142 r     -0.391935 (VIOLATED)
   rf_reg[24][3]/D          1.676207       2.068142 r     -0.391935 (VIOLATED)
   rf_reg[3][3]/D           1.676207       2.068141 r     -0.391933 (VIOLATED)
   rf_reg[4][3]/D           1.676207       2.068141 r     -0.391933 (VIOLATED)
   rf_reg[6][3]/D           1.676207       2.068141 r     -0.391933 (VIOLATED)
   rf_reg[10][3]/D          1.676207       2.068141 r     -0.391933 (VIOLATED)
   rf_reg[12][3]/D          1.676207       2.068141 r     -0.391933 (VIOLATED)
   rf_reg[14][3]/D          1.676207       2.068141 r     -0.391933 (VIOLATED)
   rf_reg[18][3]/D          1.676207       2.068141 r     -0.391933 (VIOLATED)
   rf_reg[19][3]/D          1.676207       2.068141 r     -0.391933 (VIOLATED)
   rf_reg[22][3]/D          1.676207       2.068141 r     -0.391933 (VIOLATED)
   rf_reg[26][3]/D          1.676207       2.068141 r     -0.391933 (VIOLATED)
   rf_reg[27][3]/D          1.676207       2.068141 r     -0.391933 (VIOLATED)
   rf_reg[28][3]/D          1.676207       2.068141 r     -0.391933 (VIOLATED)
   rf_reg[1][3]/D           1.676207       2.068141 r     -0.391933 (VIOLATED)
   rf_reg[9][3]/D           1.676207       2.068141 r     -0.391933 (VIOLATED)
   rf_reg[17][3]/D          1.676207       2.068141 r     -0.391933 (VIOLATED)
   rf_reg[25][3]/D          1.676207       2.068141 r     -0.391933 (VIOLATED)
   rf_reg[5][4]/D           1.676208       2.068139 r     -0.391930 (VIOLATED)
   rf_reg[21][4]/D          1.676208       2.068139 r     -0.391930 (VIOLATED)
   rf_reg[23][4]/D          1.676208       2.068139 r     -0.391930 (VIOLATED)
   rf_reg[29][4]/D          1.676208       2.068139 r     -0.391930 (VIOLATED)
   rf_reg[31][4]/D          1.676208       2.068139 r     -0.391930 (VIOLATED)
   rf_reg[5][3]/D           1.676208       2.068137 r     -0.391929 (VIOLATED)
   rf_reg[7][3]/D           1.676208       2.068137 r     -0.391929 (VIOLATED)
   rf_reg[21][3]/D          1.676208       2.068137 r     -0.391929 (VIOLATED)
   rf_reg[29][3]/D          1.676208       2.068137 r     -0.391929 (VIOLATED)
   rf_reg[31][3]/D          1.676208       2.068137 r     -0.391929 (VIOLATED)
   rf_reg[2][4]/D           1.676211       2.068129 r     -0.391918 (VIOLATED)
   rf_reg[30][4]/D          1.676211       2.068129 r     -0.391918 (VIOLATED)
   rf_reg[2][3]/D           1.676211       2.068128 r     -0.391917 (VIOLATED)
   rf_reg[30][3]/D          1.676211       2.068128 r     -0.391917 (VIOLATED)
   rf_reg[11][4]/D          1.676442       2.067238 r     -0.390796 (VIOLATED)
   rf_reg[11][3]/D          1.676442       2.067236 r     -0.390794 (VIOLATED)
   rf_reg[15][4]/D          1.731841       2.118128 f     -0.386287 (VIOLATED)
   rf_reg[13][4]/D          1.731492       2.116226 f     -0.384734 (VIOLATED)
   rf_reg[15][7]/D          1.679935       2.064137 r     -0.384202 (VIOLATED)
   rf_reg[15][3]/D          1.731841       2.112647 f     -0.380806 (VIOLATED)
   rf_reg[8][2]/D           1.676207       2.056335 r     -0.380128 (VIOLATED)
   rf_reg[16][2]/D          1.676207       2.056335 r     -0.380128 (VIOLATED)
   rf_reg[24][2]/D          1.676207       2.056335 r     -0.380128 (VIOLATED)
   rf_reg[4][2]/D           1.676207       2.056334 r     -0.380127 (VIOLATED)
   rf_reg[6][2]/D           1.676207       2.056334 r     -0.380127 (VIOLATED)
   rf_reg[12][2]/D          1.676207       2.056334 r     -0.380127 (VIOLATED)
   rf_reg[14][2]/D          1.676207       2.056334 r     -0.380127 (VIOLATED)
   rf_reg[20][2]/D          1.676207       2.056334 r     -0.380127 (VIOLATED)
   rf_reg[22][2]/D          1.676207       2.056334 r     -0.380127 (VIOLATED)
   rf_reg[1][2]/D           1.676207       2.056334 r     -0.380126 (VIOLATED)
   rf_reg[3][2]/D           1.676207       2.056334 r     -0.380126 (VIOLATED)
   rf_reg[9][2]/D           1.676207       2.056334 r     -0.380126 (VIOLATED)
   rf_reg[10][2]/D          1.676207       2.056334 r     -0.380126 (VIOLATED)
   rf_reg[17][2]/D          1.676207       2.056334 r     -0.380126 (VIOLATED)
   rf_reg[18][2]/D          1.676207       2.056334 r     -0.380126 (VIOLATED)
   rf_reg[19][2]/D          1.676207       2.056334 r     -0.380126 (VIOLATED)
   rf_reg[26][2]/D          1.676207       2.056334 r     -0.380126 (VIOLATED)
   rf_reg[27][2]/D          1.676207       2.056334 r     -0.380126 (VIOLATED)
   rf_reg[5][2]/D           1.676208       2.056330 r     -0.380122 (VIOLATED)
   rf_reg[21][2]/D          1.676208       2.056330 r     -0.380122 (VIOLATED)
   rf_reg[23][2]/D          1.676208       2.056330 r     -0.380122 (VIOLATED)
   rf_reg[29][2]/D          1.676208       2.056330 r     -0.380122 (VIOLATED)
   rf_reg[31][2]/D          1.676208       2.056330 r     -0.380122 (VIOLATED)
   rf_reg[2][2]/D           1.676211       2.056321 r     -0.380110 (VIOLATED)
   rf_reg[30][2]/D          1.676211       2.056321 r     -0.380110 (VIOLATED)
   rf_reg[20][3]/D          1.676207       2.055453 r     -0.379246 (VIOLATED)
   rf_reg[23][3]/D          1.676208       2.055450 r     -0.379241 (VIOLATED)
   rf_reg[11][2]/D          1.676442       2.055430 r     -0.378987 (VIOLATED)
   q_reg[12]1/D             1.637111       2.011224 r     -0.374113 (VIOLATED)
   q_reg[16]1/D             1.637111       2.011147 r     -0.374036 (VIOLATED)
   q_reg[11]1/D             1.637111       2.011126 r     -0.374015 (VIOLATED)
   q_reg[15]1/D             1.637111       2.011126 r     -0.374015 (VIOLATED)
   q_reg[13]1/D             1.637111       2.009839 r     -0.372728 (VIOLATED)
   q_reg[17]1/D             1.637111       2.009839 r     -0.372728 (VIOLATED)
   q_reg[19]1/D             1.637111       2.009839 r     -0.372728 (VIOLATED)
   q_reg[20]1/D             1.637111       2.009839 r     -0.372728 (VIOLATED)
   rf_reg[13][7]/D          1.680011       2.048409 r     -0.368398 (VIOLATED)
   rf_reg[28][2]/D          1.676207       2.043647 r     -0.367439 (VIOLATED)
   rf_reg[25][2]/D          1.676207       2.043646 r     -0.367439 (VIOLATED)
   rf_reg[7][2]/D           1.676208       2.043643 r     -0.367435 (VIOLATED)
   rf_reg[13][2]/D          1.679266       2.044561 r     -0.365296 (VIOLATED)
   rf_reg[13][3]/D          1.731492       2.096545 f     -0.365054 (VIOLATED)
   rf_reg[30][24]/D         1.730783       2.093979 f     -0.363196 (VIOLATED)
   rf_reg[2][24]/D          1.730783       2.093973 f     -0.363190 (VIOLATED)
   rf_reg[13][24]/D         1.731492       2.093727 f     -0.362235 (VIOLATED)
   rf_reg[15][2]/D          1.679935       2.035699 r     -0.355764 (VIOLATED)
   q_reg[30]1/D             1.637116       1.970695 r     -0.333579 (VIOLATED)
   pcnext[14]               1.800000       2.089890 f     -0.289891 (VIOLATED)
   pcnext[18]               1.800000       2.089890 f     -0.289891 (VIOLATED)
   pcnext[2]                1.800000       2.071451 r     -0.271451 (VIOLATED)
   pcnext[4]                1.800000       2.071451 r     -0.271451 (VIOLATED)
   pcnext[6]                1.800000       2.071451 r     -0.271451 (VIOLATED)
   pcnext[8]                1.800000       2.071451 r     -0.271451 (VIOLATED)
   pcnext[10]               1.800000       2.071451 r     -0.271451 (VIOLATED)
   pcnext[22]               1.800000       2.071451 r     -0.271451 (VIOLATED)
   pcnext[3]                1.800000       2.070738 r     -0.270738 (VIOLATED)
   pcnext[5]                1.800000       2.070738 r     -0.270738 (VIOLATED)
   pcnext[7]                1.800000       2.070738 r     -0.270738 (VIOLATED)
   pcnext[9]                1.800000       2.070738 r     -0.270738 (VIOLATED)
   pcnext[21]               1.800000       2.070738 r     -0.270738 (VIOLATED)
   pcnext[23]               1.800000       2.070738 r     -0.270738 (VIOLATED)
   pcnext[25]               1.800000       2.070738 r     -0.270738 (VIOLATED)
   pcnext[29]               1.800000       2.070738 r     -0.270738 (VIOLATED)
   pcnext[31]               1.800000       2.070738 r     -0.270738 (VIOLATED)
   pcnext[28]               1.800000       2.069017 r     -0.269017 (VIOLATED)
   pcnext[27]               1.800000       2.066994 r     -0.266994 (VIOLATED)
   pcnext[0]                1.800000       2.065804 r     -0.265804 (VIOLATED)
   pcnext[24]               1.800000       2.065804 r     -0.265804 (VIOLATED)
   pcnext[26]               1.800000       2.065804 r     -0.265804 (VIOLATED)
   pcnext[1]                1.800000       2.065092 r     -0.265092 (VIOLATED)
   pcnext[11]               1.800000       2.020359 f     -0.220359 (VIOLATED)
   pcnext[12]               1.800000       2.020359 f     -0.220359 (VIOLATED)
   pcnext[15]               1.800000       2.020359 f     -0.220359 (VIOLATED)
   pcnext[16]               1.800000       2.020359 f     -0.220359 (VIOLATED)
   pcnext[17]               1.800000       2.020359 f     -0.220359 (VIOLATED)
   pcnext[19]               1.800000       2.020359 f     -0.220359 (VIOLATED)
   pcnext[20]               1.800000       2.020359 f     -0.220359 (VIOLATED)
   pcnext[13]               1.800000       2.014874 f     -0.214874 (VIOLATED)
   aluout[14]               1.800000       1.975830 f     -0.175830 (VIOLATED)
   pcnext[30]               1.800000       1.970695 r     -0.170695 (VIOLATED)
   aluout[0]                1.800000       1.946215 f     -0.146215 (VIOLATED)
   aluout[29]               1.800000       1.921857 f     -0.121857 (VIOLATED)
   aluout[30]               1.800000       1.921357 f     -0.121357 (VIOLATED)
   aluout[23]               1.800000       1.920099 f     -0.120100 (VIOLATED)
   aluout[20]               1.800000       1.919998 f     -0.119998 (VIOLATED)
   aluout[12]               1.800000       1.919213 f     -0.119213 (VIOLATED)
   aluout[27]               1.800000       1.918682 f     -0.118682 (VIOLATED)
   aluout[21]               1.800000       1.918432 f     -0.118432 (VIOLATED)
   aluout[22]               1.800000       1.916725 f     -0.116725 (VIOLATED)
   aluout[28]               1.800000       1.911257 f     -0.111257 (VIOLATED)
   aluout[24]               1.800000       1.891623 f     -0.091623 (VIOLATED)
   aluout[31]               1.800000       1.890619 f     -0.090619 (VIOLATED)
   aluout[25]               1.800000       1.888933 f     -0.088933 (VIOLATED)
   aluout[18]               1.800000       1.888827 f     -0.088827 (VIOLATED)
   aluout[13]               1.800000       1.888024 f     -0.088024 (VIOLATED)
   aluout[26]               1.800000       1.879333 f     -0.079334 (VIOLATED)
   aluout[17]               1.800000       1.874333 f     -0.074333 (VIOLATED)
   aluout[19]               1.800000       1.870834 f     -0.070834 (VIOLATED)
   aluout[10]               1.800000       1.865640 f     -0.065640 (VIOLATED)
   aluout[16]               1.800000       1.859932 r     -0.059932 (VIOLATED)
   aluout[9]                1.800000       1.858733 f     -0.058733 (VIOLATED)
   aluout[7]                1.800000       1.842473 f     -0.042473 (VIOLATED)
   aluout[8]                1.800000       1.836754 f     -0.036754 (VIOLATED)
   aluout[15]               1.800000       1.832496 f     -0.032496 (VIOLATED)
   aluout[1]                1.800000       1.827649 f     -0.027649 (VIOLATED)
   aluout[6]                1.800000       1.820640 f     -0.020640 (VIOLATED)


   min_delay/hold ('clk' group)

                             Required        Actual
   Endpoint                 Path Delay     Path Delay        Slack
   -----------------------------------------------------------------
   rf_reg[3][8]/D           0.243958       0.239039 r     -0.004918 (VIOLATED)
   rf_reg[9][0]/D           0.243958       0.239039 r     -0.004918 (VIOLATED)
   rf_reg[24][0]/D          0.243958       0.239039 r     -0.004918 (VIOLATED)


   max_leakage_power

                             Required        Actual
   Design                   Leakage Power  Leakage Power     Slack
   -----------------------------------------------------------------
   riscv                    0.000000       84235.171875   -84235.171875
                                                                    (VIOLATED)


1
