Class INVX1:  Merged 1 devices.
Class INVX1:  Merged 1 devices.

Subcircuit summary:
Circuit 1: INVX1                           |Circuit 2: INVX1                           
-------------------------------------------|-------------------------------------------
pshort (1)                                 |pshort (1)                                 
nshort (1)                                 |nshort (1)                                 
Number of devices: 2                       |Number of devices: 2                       
Number of nets: 4                          |Number of nets: 4                          
---------------------------------------------------------------------------------------
Circuits match uniquely.
Netlists match uniquely.

Subcircuit pins:
Circuit 1: INVX1                           |Circuit 2: INVX1                           
-------------------------------------------|-------------------------------------------
vdd                                        |vdd                                        
A                                          |A                                          
Y                                          |Y                                          
gnd                                        |gnd                                        
---------------------------------------------------------------------------------------
Cell pin lists are equivalent.
Device classes INVX1 and INVX1 are equivalent.

Subcircuit summary:
Circuit 1: INVX1.sp                        |Circuit 2: INVX1_diff_ring.spice           
-------------------------------------------|-------------------------------------------
INVX1 (1)                                  |INVX1 (1)                                  
Number of devices: 1                       |Number of devices: 1                       
Number of nets: 4                          |Number of nets: 4                          
---------------------------------------------------------------------------------------
Circuits match uniquely.
Netlists match uniquely.
Cells have no pins;  pin matching not needed.
Device classes INVX1.sp and INVX1_diff_ring.spice are equivalent.
Circuits match uniquely.
